18:34:19,516 INFO  [f.p.e.c.f.c.BootstrapChecks] Memory [Free/Total=Percent]: HEAP [229.5mb/3.9gb=5.66%], RAM [8gb/15.8gb=50.73%], Swap [7.3gb/18.2gb=40.11%].
18:34:19,716 INFO  [f.p.e.c.f.FsCrawlerImpl] Starting FS crawler
18:34:20,172 INFO  [f.p.e.c.f.c.v.ElasticsearchClientV7] Elasticsearch Client for version 7.x connected to a node running version 7.9.1
18:34:20,300 INFO  [f.p.e.c.f.c.v.ElasticsearchClientV7] Elasticsearch Client for version 7.x connected to a node running version 7.9.1
18:34:20,451 INFO  [f.p.e.c.f.FsParserAbstract] FS crawler started for [reports_index] for [C:\Users\Ranja.Sarkar\Desktop\SearchEngine\Sample_files] every [15m]
18:34:20,868 WARN  [o.a.t.p.PDFParser] J2KImageReader not loaded. JPEG2000 files will not be processed.
See https://pdfbox.apache.org/2.0/dependencies.html#jai-image-io
for optional dependencies.

18:34:26,523 WARN  [o.a.p.p.f.PDSimpleFont] No Unicode mapping for .notdef (128) in font Courier
18:34:27,768 WARN  [o.a.p.p.f.PDSimpleFont] No Unicode mapping for .notdef (128) in font Helvetica
18:34:27,810 WARN  [o.a.p.p.f.PDSimpleFont] No Unicode mapping for .notdef (128) in font Courier
18:34:27,832 WARN  [o.a.p.p.f.PDSimpleFont] No Unicode mapping for .notdef (128) in font Times-Roman
18:34:37,014 WARN  [o.a.p.p.f.PDType0Font] No Unicode mapping for CID+72 (72) in font SymbolMT-Identity-H
18:34:37,015 WARN  [o.a.p.p.f.PDType0Font] No Unicode mapping for CID+152 (152) in font SymbolMT-Identity-H
18:34:37,015 WARN  [o.a.p.p.f.PDType0Font] No Unicode mapping for CID+14 (14) in font SymbolMT-Identity-H
18:34:37,015 WARN  [o.a.p.p.f.PDType0Font] No Unicode mapping for CID+16 (16) in font SymbolMT-Identity-H
18:34:37,015 WARN  [o.a.p.p.f.PDType0Font] No Unicode mapping for CID+32 (32) in font SymbolMT-Identity-H
18:34:37,019 WARN  [o.a.p.p.f.PDType0Font] No Unicode mapping for CID+68 (68) in font SymbolMT-Identity-H
18:34:37,023 WARN  [o.a.p.p.f.PDType0Font] No Unicode mapping for CID+11 (11) in font SymbolMT-Identity-H
18:34:37,023 WARN  [o.a.p.p.f.PDType0Font] No Unicode mapping for CID+12 (12) in font SymbolMT-Identity-H
18:34:37,023 WARN  [o.a.p.p.f.PDType0Font] No Unicode mapping for CID+80 (80) in font SymbolMT-Identity-H
18:34:37,023 WARN  [o.a.p.p.f.PDType0Font] No Unicode mapping for CID+74 (74) in font SymbolMT-Identity-H
18:34:37,028 WARN  [o.a.p.p.f.PDType0Font] No Unicode mapping for CID+71 (71) in font SymbolMT-Identity-H
18:34:37,032 WARN  [o.a.p.p.f.PDType0Font] No Unicode mapping for CID+127 (127) in font SymbolMT-Identity-H
18:34:37,032 WARN  [o.a.p.p.f.PDType0Font] No Unicode mapping for CID+111 (111) in font SymbolMT-Identity-H
18:34:37,033 WARN  [o.a.p.p.f.PDType0Font] No Unicode mapping for CID+119 (119) in font SymbolMT-Identity-H
18:34:37,033 WARN  [o.a.p.p.f.PDType0Font] No Unicode mapping for CID+112 (112) in font SymbolMT-Identity-H
18:34:37,035 WARN  [o.a.p.p.f.PDType0Font] No Unicode mapping for CID+184 (184) in font SymbolMT-Identity-H
18:34:37,035 WARN  [o.a.p.p.f.PDType0Font] No Unicode mapping for CID+185 (185) in font SymbolMT-Identity-H
18:34:37,035 WARN  [o.a.p.p.f.PDType0Font] No Unicode mapping for CID+183 (183) in font SymbolMT-Identity-H
18:34:37,035 WARN  [o.a.p.p.f.PDType0Font] No Unicode mapping for CID+168 (168) in font SymbolMT-Identity-H
18:34:37,035 WARN  [o.a.p.p.f.PDType0Font] No Unicode mapping for CID+169 (169) in font SymbolMT-Identity-H
18:34:37,035 WARN  [o.a.p.p.f.PDType0Font] No Unicode mapping for CID+167 (167) in font SymbolMT-Identity-H
18:34:37,036 WARN  [o.a.p.p.f.PDType0Font] No Unicode mapping for CID+124 (124) in font SymbolMT-Identity-H
18:34:37,061 WARN  [o.a.p.p.f.PDType0Font] No Unicode mapping for CID+83 (83) in font SymbolMT-Identity-H
18:34:37,324 WARN  [o.a.p.p.f.PDType0Font] No Unicode mapping for CID+0 (0) in font MAEMOB+Marlett
18:34:37,762 WARN  [o.a.p.p.f.PDSimpleFont] No Unicode mapping for g120 (2) in font JCAHJP+SymbolMT
18:34:37,763 WARN  [o.a.p.p.f.PDSimpleFont] No Unicode mapping for g3 (3) in font JCAHJP+SymbolMT
18:34:37,796 WARN  [o.a.p.p.f.PDSimpleFont] No Unicode mapping for g303 (2) in font JCAFGB+Arial
18:34:37,797 WARN  [o.a.p.p.f.PDSimpleFont] No Unicode mapping for g71 (4) in font JCAHJP+SymbolMT
18:34:37,939 WARN  [o.a.p.p.f.PDSimpleFont] No Unicode mapping for g184 (5) in font JCAHJP+SymbolMT
18:34:37,939 WARN  [o.a.p.p.f.PDSimpleFont] No Unicode mapping for g185 (6) in font JCAHJP+SymbolMT
18:34:37,939 WARN  [o.a.p.p.f.PDSimpleFont] No Unicode mapping for g183 (7) in font JCAHJP+SymbolMT
18:34:37,940 WARN  [o.a.p.p.f.PDSimpleFont] No Unicode mapping for g168 (8) in font JCAHJP+SymbolMT
18:34:37,940 WARN  [o.a.p.p.f.PDSimpleFont] No Unicode mapping for g169 (9) in font JCAHJP+SymbolMT
18:34:37,940 WARN  [o.a.p.p.f.PDSimpleFont] No Unicode mapping for g167 (10) in font JCAHJP+SymbolMT
18:34:37,940 WARN  [o.a.p.p.f.PDSimpleFont] No Unicode mapping for g119 (11) in font JCAHJP+SymbolMT
18:34:37,940 WARN  [o.a.p.p.f.PDSimpleFont] No Unicode mapping for g32 (12) in font JCAHJP+SymbolMT
18:34:37,942 WARN  [o.a.p.p.f.PDSimpleFont] No Unicode mapping for g68 (13) in font JCAHJP+SymbolMT
18:34:37,942 WARN  [o.a.p.p.f.PDSimpleFont] No Unicode mapping for g16 (14) in font JCAHJP+SymbolMT
18:34:37,942 WARN  [o.a.p.p.f.PDSimpleFont] No Unicode mapping for g166 (15) in font JCAHJP+SymbolMT
18:34:37,942 WARN  [o.a.p.p.f.PDSimpleFont] No Unicode mapping for g102 (16) in font JCAHJP+SymbolMT
18:34:37,948 WARN  [o.a.p.p.f.PDSimpleFont] No Unicode mapping for g882 (2) in font JCALGJ+Calibri-Bold
18:34:37,960 WARN  [o.a.p.p.f.PDSimpleFont] No Unicode mapping for g177 (2) in font JCAGFF+TimesNewRoman
18:34:38,387 WARN  [o.a.p.p.f.PDType0Font] No Unicode mapping for CID+190 (190) in font LJLGAB+Wingdings-Regular
18:34:38,469 WARN  [o.a.p.p.f.PDType0Font] No Unicode mapping for CID+198 (198) in font LJLGAB+Wingdings-Regular
18:34:39,396 WARN  [o.a.p.p.f.PDType0Font] No Unicode mapping for CID+190 (190) in font LJLGAB+Wingdings-Regular
18:34:39,433 WARN  [o.a.p.p.f.PDType0Font] No Unicode mapping for CID+198 (198) in font LJLGAB+Wingdings-Regular
18:34:39,793 WARN  [o.a.p.p.f.PDType0Font] No Unicode mapping for CID+190 (190) in font LJLGAB+Wingdings-Regular
18:34:40,222 WARN  [o.a.p.p.f.PDType0Font] No Unicode mapping for CID+0 (0) in font IPMDNK+SymbolMT
18:34:40,303 WARN  [o.a.p.p.f.PDType0Font] No Unicode mapping for CID+0 (0) in font ODAIMB+SymbolMT
18:34:40,532 WARN  [o.a.p.p.f.PDSimpleFont] No Unicode mapping for 121 (159) in font Wingdings
18:34:40,537 WARN  [o.a.p.p.f.PDType0Font] No Unicode mapping for CID+177 (177) in font WVHUVR+TimesNewRoman,Italic
18:34:41,255 WARN  [o.a.p.p.f.PDSimpleFont] No Unicode mapping for 3 (1) in font EWAAAA+F0
18:34:41,255 WARN  [o.a.p.p.f.PDSimpleFont] No Unicode mapping for 38 (2) in font EWAAAA+F0
18:34:41,255 WARN  [o.a.p.p.f.PDSimpleFont] No Unicode mapping for 88 (3) in font EWAAAA+F0
18:34:41,256 WARN  [o.a.p.p.f.PDSimpleFont] No Unicode mapping for 85 (4) in font EWAAAA+F0
18:34:41,256 WARN  [o.a.p.p.f.PDSimpleFont] No Unicode mapping for 89 (5) in font EWAAAA+F0
18:34:41,256 WARN  [o.a.p.p.f.PDSimpleFont] No Unicode mapping for 16 (6) in font EWAAAA+F0
18:34:41,256 WARN  [o.a.p.p.f.PDSimpleFont] No Unicode mapping for 55 (7) in font EWAAAA+F0
18:34:41,256 WARN  [o.a.p.p.f.PDSimpleFont] No Unicode mapping for 72 (8) in font EWAAAA+F0
18:34:41,256 WARN  [o.a.p.p.f.PDSimpleFont] No Unicode mapping for 70 (9) in font EWAAAA+F0
18:34:41,256 WARN  [o.a.p.p.f.PDSimpleFont] No Unicode mapping for 75 (10) in font EWAAAA+F0
18:34:41,256 WARN  [o.a.p.p.f.PDSimpleFont] No Unicode mapping for 81 (11) in font EWAAAA+F0
18:34:41,257 WARN  [o.a.p.p.f.PDSimpleFont] No Unicode mapping for 76 (12) in font EWAAAA+F0
18:34:41,257 WARN  [o.a.p.p.f.PDSimpleFont] No Unicode mapping for 68 (13) in font EWAAAA+F0
18:34:41,257 WARN  [o.a.p.p.f.PDSimpleFont] No Unicode mapping for 79 (14) in font EWAAAA+F0
18:34:41,257 WARN  [o.a.p.p.f.PDSimpleFont] No Unicode mapping for 39 (15) in font EWAAAA+F0
18:34:41,257 WARN  [o.a.p.p.f.PDSimpleFont] No Unicode mapping for 87 (16) in font EWAAAA+F0
18:34:41,257 WARN  [o.a.p.p.f.PDSimpleFont] No Unicode mapping for 54 (17) in font EWAAAA+F0
18:34:41,257 WARN  [o.a.p.p.f.PDSimpleFont] No Unicode mapping for 20 (18) in font EWAAAA+F0
18:34:41,257 WARN  [o.a.p.p.f.PDSimpleFont] No Unicode mapping for 19 (19) in font EWAAAA+F0
18:34:41,257 WARN  [o.a.p.p.f.PDSimpleFont] No Unicode mapping for 36 (20) in font EWAAAA+F0
18:34:41,258 WARN  [o.a.p.p.f.PDSimpleFont] No Unicode mapping for 51 (1) in font IWAAAA+F2
18:34:41,258 WARN  [o.a.p.p.f.PDSimpleFont] No Unicode mapping for 85 (2) in font IWAAAA+F2
18:34:41,258 WARN  [o.a.p.p.f.PDSimpleFont] No Unicode mapping for 82 (3) in font IWAAAA+F2
18:34:41,258 WARN  [o.a.p.p.f.PDSimpleFont] No Unicode mapping for 71 (4) in font IWAAAA+F2
18:34:41,258 WARN  [o.a.p.p.f.PDSimpleFont] No Unicode mapping for 88 (5) in font IWAAAA+F2
18:34:41,258 WARN  [o.a.p.p.f.PDSimpleFont] No Unicode mapping for 70 (6) in font IWAAAA+F2
18:34:41,258 WARN  [o.a.p.p.f.PDSimpleFont] No Unicode mapping for 87 (7) in font IWAAAA+F2
18:34:41,258 WARN  [o.a.p.p.f.PDSimpleFont] No Unicode mapping for 29 (8) in font IWAAAA+F2
18:34:41,258 WARN  [o.a.p.p.f.PDSimpleFont] No Unicode mapping for 51 (21) in font EWAAAA+F0
18:34:41,259 WARN  [o.a.p.p.f.PDSimpleFont] No Unicode mapping for 82 (22) in font EWAAAA+F0
18:34:41,259 WARN  [o.a.p.p.f.PDSimpleFont] No Unicode mapping for 92 (23) in font EWAAAA+F0
18:34:41,259 WARN  [o.a.p.p.f.PDSimpleFont] No Unicode mapping for 83 (24) in font EWAAAA+F0
18:34:41,259 WARN  [o.a.p.p.f.PDSimpleFont] No Unicode mapping for 18 (25) in font EWAAAA+F0
18:34:41,259 WARN  [o.a.p.p.f.PDSimpleFont] No Unicode mapping for 80 (26) in font EWAAAA+F0
18:34:41,259 WARN  [o.a.p.p.f.PDSimpleFont] No Unicode mapping for 73 (27) in font EWAAAA+F0
18:34:41,259 WARN  [o.a.p.p.f.PDSimpleFont] No Unicode mapping for 69 (28) in font EWAAAA+F0
18:34:41,259 WARN  [o.a.p.p.f.PDSimpleFont] No Unicode mapping for 86 (29) in font EWAAAA+F0
18:34:41,259 WARN  [o.a.p.p.f.PDSimpleFont] No Unicode mapping for 3 (9) in font IWAAAA+F2
18:34:41,259 WARN  [o.a.p.p.f.PDSimpleFont] No Unicode mapping for 55 (10) in font IWAAAA+F2
18:34:41,259 WARN  [o.a.p.p.f.PDSimpleFont] No Unicode mapping for 72 (11) in font IWAAAA+F2
18:34:41,259 WARN  [o.a.p.p.f.PDSimpleFont] No Unicode mapping for 75 (12) in font IWAAAA+F2
18:34:41,259 WARN  [o.a.p.p.f.PDSimpleFont] No Unicode mapping for 81 (13) in font IWAAAA+F2
18:34:41,259 WARN  [o.a.p.p.f.PDSimpleFont] No Unicode mapping for 76 (14) in font IWAAAA+F2
18:34:41,259 WARN  [o.a.p.p.f.PDSimpleFont] No Unicode mapping for 68 (15) in font IWAAAA+F2
18:34:41,259 WARN  [o.a.p.p.f.PDSimpleFont] No Unicode mapping for 79 (16) in font IWAAAA+F2
18:34:41,259 WARN  [o.a.p.p.f.PDSimpleFont] No Unicode mapping for 83 (17) in font IWAAAA+F2
18:34:41,259 WARN  [o.a.p.p.f.PDSimpleFont] No Unicode mapping for 86 (18) in font IWAAAA+F2
18:34:41,261 WARN  [o.a.p.p.f.PDSimpleFont] No Unicode mapping for 48 (19) in font IWAAAA+F2
18:34:41,261 WARN  [o.a.p.p.f.PDSimpleFont] No Unicode mapping for 57 (20) in font IWAAAA+F2
18:34:41,261 WARN  [o.a.p.p.f.PDSimpleFont] No Unicode mapping for 56 (21) in font IWAAAA+F2
18:34:41,261 WARN  [o.a.p.p.f.PDSimpleFont] No Unicode mapping for 44 (30) in font EWAAAA+F0
18:34:41,261 WARN  [o.a.p.p.f.PDSimpleFont] No Unicode mapping for 50 (31) in font EWAAAA+F0
18:34:41,261 WARN  [o.a.p.p.f.PDSimpleFont] No Unicode mapping for 27 (32) in font EWAAAA+F0
18:34:41,261 WARN  [o.a.p.p.f.PDSimpleFont] No Unicode mapping for 22 (33) in font EWAAAA+F0
18:34:41,262 WARN  [o.a.p.p.f.PDSimpleFont] No Unicode mapping for 15 (34) in font EWAAAA+F0
18:34:41,262 WARN  [o.a.p.p.f.PDSimpleFont] No Unicode mapping for 28 (35) in font EWAAAA+F0
18:34:41,262 WARN  [o.a.p.p.f.PDSimpleFont] No Unicode mapping for 21 (36) in font EWAAAA+F0
18:34:41,262 WARN  [o.a.p.p.f.PDSimpleFont] No Unicode mapping for 74 (37) in font EWAAAA+F0
18:34:41,262 WARN  [o.a.p.p.f.PDSimpleFont] No Unicode mapping for 241 (38) in font EWAAAA+F0
18:34:41,262 WARN  [o.a.p.p.f.PDSimpleFont] No Unicode mapping for 58 (39) in font EWAAAA+F0
18:34:41,262 WARN  [o.a.p.p.f.PDSimpleFont] No Unicode mapping for 49 (40) in font EWAAAA+F0
18:34:41,262 WARN  [o.a.p.p.f.PDSimpleFont] No Unicode mapping for 24 (41) in font EWAAAA+F0
18:34:41,263 WARN  [o.a.p.p.f.PDSimpleFont] No Unicode mapping for 23 (42) in font EWAAAA+F0
18:34:41,263 WARN  [o.a.p.p.f.PDSimpleFont] No Unicode mapping for 31 (43) in font EWAAAA+F0
18:34:41,263 WARN  [o.a.p.p.f.PDSimpleFont] No Unicode mapping for 8 (44) in font EWAAAA+F0
18:34:41,263 WARN  [o.a.p.p.f.PDSimpleFont] No Unicode mapping for 39 (22) in font IWAAAA+F2
18:34:41,263 WARN  [o.a.p.p.f.PDSimpleFont] No Unicode mapping for 38 (23) in font IWAAAA+F2
18:34:41,264 WARN  [o.a.p.p.f.PDSimpleFont] No Unicode mapping for 48 (45) in font EWAAAA+F0
18:34:41,264 WARN  [o.a.p.p.f.PDSimpleFont] No Unicode mapping for 71 (46) in font EWAAAA+F0
18:34:41,264 WARN  [o.a.p.p.f.PDSimpleFont] No Unicode mapping for 40 (47) in font EWAAAA+F0
18:34:41,264 WARN  [o.a.p.p.f.PDSimpleFont] No Unicode mapping for 26 (48) in font EWAAAA+F0
18:34:41,264 WARN  [o.a.p.p.f.PDSimpleFont] No Unicode mapping for 240 (49) in font EWAAAA+F0
18:34:41,265 WARN  [o.a.p.p.f.PDSimpleFont] No Unicode mapping for 41 (50) in font EWAAAA+F0
18:34:41,265 WARN  [o.a.p.p.f.PDSimpleFont] No Unicode mapping for 91 (51) in font EWAAAA+F0
18:34:41,265 WARN  [o.a.p.p.f.PDSimpleFont] No Unicode mapping for 62 (52) in font EWAAAA+F0
18:34:41,265 WARN  [o.a.p.p.f.PDSimpleFont] No Unicode mapping for 90 (53) in font EWAAAA+F0
18:34:41,265 WARN  [o.a.p.p.f.PDSimpleFont] No Unicode mapping for 64 (54) in font EWAAAA+F0
18:34:41,266 WARN  [o.a.p.p.f.PDSimpleFont] No Unicode mapping for 25 (55) in font EWAAAA+F0
18:34:41,266 WARN  [o.a.p.p.f.PDSimpleFont] No Unicode mapping for 45 (56) in font EWAAAA+F0
18:34:41,266 WARN  [o.a.p.p.f.PDSimpleFont] No Unicode mapping for 33 (57) in font EWAAAA+F0
18:34:41,266 WARN  [o.a.p.p.f.PDSimpleFont] No Unicode mapping for 78 (58) in font EWAAAA+F0
18:34:41,267 WARN  [o.a.p.p.f.PDSimpleFont] No Unicode mapping for 37 (59) in font EWAAAA+F0
18:34:41,267 WARN  [o.a.p.p.f.PDSimpleFont] No Unicode mapping for 61 (60) in font EWAAAA+F0
18:34:41,268 WARN  [o.a.p.p.f.PDSimpleFont] No Unicode mapping for 131 (61) in font EWAAAA+F0
18:34:41,268 WARN  [o.a.p.p.f.PDSimpleFont] No Unicode mapping for 43 (62) in font EWAAAA+F0
18:34:41,268 WARN  [o.a.p.p.f.PDSimpleFont] No Unicode mapping for 47 (63) in font EWAAAA+F0
18:34:41,268 WARN  [o.a.p.p.f.PDSimpleFont] No Unicode mapping for 46 (64) in font EWAAAA+F0
18:34:41,269 WARN  [o.a.p.p.f.PDSimpleFont] No Unicode mapping for 3 (1) in font LABAAA+F4
18:34:41,269 WARN  [o.a.p.p.f.PDSimpleFont] No Unicode mapping for 29 (65) in font EWAAAA+F0
18:34:41,269 WARN  [o.a.p.p.f.PDSimpleFont] No Unicode mapping for 89 (24) in font IWAAAA+F2
18:34:41,270 WARN  [o.a.p.p.f.PDSimpleFont] No Unicode mapping for 92 (25) in font IWAAAA+F2
18:34:41,270 WARN  [o.a.p.p.f.PDSimpleFont] No Unicode mapping for 44 (26) in font IWAAAA+F2
18:34:41,270 WARN  [o.a.p.p.f.PDSimpleFont] No Unicode mapping for 73 (27) in font IWAAAA+F2
18:34:41,270 WARN  [o.a.p.p.f.PDSimpleFont] No Unicode mapping for 80 (28) in font IWAAAA+F2
18:34:41,270 WARN  [o.a.p.p.f.PDSimpleFont] No Unicode mapping for 177 (29) in font IWAAAA+F2
18:34:41,270 WARN  [o.a.p.p.f.PDSimpleFont] No Unicode mapping for 54 (30) in font IWAAAA+F2
18:34:41,271 WARN  [o.a.p.p.f.PDSimpleFont] No Unicode mapping for 11 (66) in font EWAAAA+F0
18:34:41,271 WARN  [o.a.p.p.f.PDSimpleFont] No Unicode mapping for 84 (67) in font EWAAAA+F0
18:34:41,271 WARN  [o.a.p.p.f.PDSimpleFont] No Unicode mapping for 12 (68) in font EWAAAA+F0
18:34:41,271 WARN  [o.a.p.p.f.PDSimpleFont] No Unicode mapping for 17 (69) in font EWAAAA+F0
18:34:41,272 WARN  [o.a.p.p.f.PDSimpleFont] No Unicode mapping for 39 (2) in font LABAAA+F4
18:34:41,272 WARN  [o.a.p.p.f.PDSimpleFont] No Unicode mapping for 129 (3) in font LABAAA+F4
18:34:41,272 WARN  [o.a.p.p.f.PDSimpleFont] No Unicode mapping for 83 (4) in font LABAAA+F4
18:34:41,272 WARN  [o.a.p.p.f.PDSimpleFont] No Unicode mapping for 72 (5) in font LABAAA+F4
18:34:41,272 WARN  [o.a.p.p.f.PDSimpleFont] No Unicode mapping for 79 (6) in font LABAAA+F4
18:34:41,272 WARN  [o.a.p.p.f.PDSimpleFont] No Unicode mapping for 86 (7) in font LABAAA+F4
18:34:41,272 WARN  [o.a.p.p.f.PDSimpleFont] No Unicode mapping for 87 (8) in font LABAAA+F4
18:34:41,272 WARN  [o.a.p.p.f.PDSimpleFont] No Unicode mapping for 85 (9) in font LABAAA+F4
18:34:41,272 WARN  [o.a.p.p.f.PDSimpleFont] No Unicode mapping for 68 (10) in font LABAAA+F4
18:34:41,273 WARN  [o.a.p.p.f.PDSimpleFont] No Unicode mapping for 137 (11) in font LABAAA+F4
18:34:41,273 WARN  [o.a.p.p.f.PDSimpleFont] No Unicode mapping for 20 (12) in font LABAAA+F4
18:34:41,273 WARN  [o.a.p.p.f.PDSimpleFont] No Unicode mapping for 25 (13) in font LABAAA+F4
18:34:41,273 WARN  [o.a.p.p.f.PDSimpleFont] No Unicode mapping for 16 (14) in font LABAAA+F4
18:34:41,273 WARN  [o.a.p.p.f.PDSimpleFont] No Unicode mapping for 23 (15) in font LABAAA+F4
18:34:41,273 WARN  [o.a.p.p.f.PDSimpleFont] No Unicode mapping for 27 (16) in font LABAAA+F4
18:34:41,273 WARN  [o.a.p.p.f.PDSimpleFont] No Unicode mapping for 24 (17) in font LABAAA+F4
18:34:41,273 WARN  [o.a.p.p.f.PDSimpleFont] No Unicode mapping for 28 (18) in font LABAAA+F4
18:34:41,273 WARN  [o.a.p.p.f.PDSimpleFont] No Unicode mapping for 42 (19) in font LABAAA+F4
18:34:41,274 WARN  [o.a.p.p.f.PDSimpleFont] No Unicode mapping for 82 (20) in font LABAAA+F4
18:34:41,274 WARN  [o.a.p.p.f.PDSimpleFont] No Unicode mapping for 81 (21) in font LABAAA+F4
18:34:41,274 WARN  [o.a.p.p.f.PDSimpleFont] No Unicode mapping for 88 (22) in font LABAAA+F4
18:34:41,274 WARN  [o.a.p.p.f.PDSimpleFont] No Unicode mapping for 18 (23) in font LABAAA+F4
18:34:41,274 WARN  [o.a.p.p.f.PDSimpleFont] No Unicode mapping for 80 (24) in font LABAAA+F4
18:34:41,274 WARN  [o.a.p.p.f.PDSimpleFont] No Unicode mapping for 92 (25) in font LABAAA+F4
18:34:41,274 WARN  [o.a.p.p.f.PDSimpleFont] No Unicode mapping for 51 (26) in font LABAAA+F4
18:34:41,274 WARN  [o.a.p.p.f.PDSimpleFont] No Unicode mapping for 75 (27) in font LABAAA+F4
18:34:41,274 WARN  [o.a.p.p.f.PDSimpleFont] No Unicode mapping for 14 (28) in font LABAAA+F4
18:34:41,275 WARN  [o.a.p.p.f.PDSimpleFont] No Unicode mapping for 11 (29) in font LABAAA+F4
18:34:41,275 WARN  [o.a.p.p.f.PDSimpleFont] No Unicode mapping for 19 (30) in font LABAAA+F4
18:34:41,275 WARN  [o.a.p.p.f.PDSimpleFont] No Unicode mapping for 12 (31) in font LABAAA+F4
18:34:41,275 WARN  [o.a.p.p.f.PDSimpleFont] No Unicode mapping for 21 (32) in font LABAAA+F4
18:34:41,275 WARN  [o.a.p.p.f.PDSimpleFont] No Unicode mapping for 26 (33) in font LABAAA+F4
18:34:41,275 WARN  [o.a.p.p.f.PDSimpleFont] No Unicode mapping for 41 (34) in font LABAAA+F4
18:34:41,275 WARN  [o.a.p.p.f.PDSimpleFont] No Unicode mapping for 91 (35) in font LABAAA+F4
18:34:41,275 WARN  [o.a.p.p.f.PDSimpleFont] No Unicode mapping for 40 (36) in font LABAAA+F4
18:34:41,275 WARN  [o.a.p.p.f.PDSimpleFont] No Unicode mapping for 76 (37) in font LABAAA+F4
18:34:41,276 WARN  [o.a.p.p.f.PDSimpleFont] No Unicode mapping for 29 (38) in font LABAAA+F4
18:34:41,276 WARN  [o.a.p.p.f.PDSimpleFont] No Unicode mapping for 44 (39) in font LABAAA+F4
18:34:41,276 WARN  [o.a.p.p.f.PDSimpleFont] No Unicode mapping for 73 (40) in font LABAAA+F4
18:34:41,276 WARN  [o.a.p.p.f.PDSimpleFont] No Unicode mapping for 35 (41) in font LABAAA+F4
18:34:41,276 WARN  [o.a.p.p.f.PDSimpleFont] No Unicode mapping for 38 (42) in font LABAAA+F4
18:34:41,276 WARN  [o.a.p.p.f.PDSimpleFont] No Unicode mapping for 89 (43) in font LABAAA+F4
18:34:41,276 WARN  [o.a.p.p.f.PDSimpleFont] No Unicode mapping for 17 (44) in font LABAAA+F4
18:34:41,276 WARN  [o.a.p.p.f.PDSimpleFont] No Unicode mapping for 70 (45) in font LABAAA+F4
18:34:41,276 WARN  [o.a.p.p.f.PDSimpleFont] No Unicode mapping for 58 (46) in font LABAAA+F4
18:34:41,276 WARN  [o.a.p.p.f.PDSimpleFont] No Unicode mapping for 69 (47) in font LABAAA+F4
18:34:41,277 WARN  [o.a.p.p.f.PDSimpleFont] No Unicode mapping for 90 (48) in font LABAAA+F4
18:34:41,277 WARN  [o.a.p.p.f.PDSimpleFont] No Unicode mapping for 3 (1) in font GBBAAA+F5
18:34:41,277 WARN  [o.a.p.p.f.PDSimpleFont] No Unicode mapping for 47 (49) in font LABAAA+F4
18:34:41,277 WARN  [o.a.p.p.f.PDSimpleFont] No Unicode mapping for 71 (50) in font LABAAA+F4
18:34:41,277 WARN  [o.a.p.p.f.PDSimpleFont] No Unicode mapping for 78 (51) in font LABAAA+F4
18:34:41,278 WARN  [o.a.p.p.f.PDSimpleFont] No Unicode mapping for 74 (52) in font LABAAA+F4
18:34:41,278 WARN  [o.a.p.p.f.PDSimpleFont] No Unicode mapping for 53 (53) in font LABAAA+F4
18:34:41,278 WARN  [o.a.p.p.f.PDSimpleFont] No Unicode mapping for 50 (54) in font LABAAA+F4
18:34:41,278 WARN  [o.a.p.p.f.PDSimpleFont] No Unicode mapping for 59 (55) in font LABAAA+F4
18:34:41,278 WARN  [o.a.p.p.f.PDSimpleFont] No Unicode mapping for 36 (56) in font LABAAA+F4
18:34:41,278 WARN  [o.a.p.p.f.PDSimpleFont] No Unicode mapping for 37 (57) in font LABAAA+F4
18:34:41,278 WARN  [o.a.p.p.f.PDSimpleFont] No Unicode mapping for 54 (58) in font LABAAA+F4
18:34:41,278 WARN  [o.a.p.p.f.PDSimpleFont] No Unicode mapping for 15 (59) in font LABAAA+F4
18:34:41,278 WARN  [o.a.p.p.f.PDSimpleFont] No Unicode mapping for 43 (60) in font LABAAA+F4
18:34:41,279 WARN  [o.a.p.p.f.PDSimpleFont] No Unicode mapping for 77 (61) in font LABAAA+F4
18:34:41,280 WARN  [o.a.p.p.f.PDSimpleFont] No Unicode mapping for 47 (1) in font IBBAAA+F6
18:34:41,280 WARN  [o.a.p.p.f.PDSimpleFont] No Unicode mapping for 68 (2) in font IBBAAA+F6
18:34:41,280 WARN  [o.a.p.p.f.PDSimpleFont] No Unicode mapping for 86 (3) in font IBBAAA+F6
18:34:41,280 WARN  [o.a.p.p.f.PDSimpleFont] No Unicode mapping for 87 (4) in font IBBAAA+F6
18:34:41,280 WARN  [o.a.p.p.f.PDSimpleFont] No Unicode mapping for 3 (5) in font IBBAAA+F6
18:34:41,280 WARN  [o.a.p.p.f.PDSimpleFont] No Unicode mapping for 70 (6) in font IBBAAA+F6
18:34:41,280 WARN  [o.a.p.p.f.PDSimpleFont] No Unicode mapping for 75 (7) in font IBBAAA+F6
18:34:41,280 WARN  [o.a.p.p.f.PDSimpleFont] No Unicode mapping for 81 (8) in font IBBAAA+F6
18:34:41,280 WARN  [o.a.p.p.f.PDSimpleFont] No Unicode mapping for 74 (9) in font IBBAAA+F6
18:34:41,280 WARN  [o.a.p.p.f.PDSimpleFont] No Unicode mapping for 72 (10) in font IBBAAA+F6
18:34:41,280 WARN  [o.a.p.p.f.PDSimpleFont] No Unicode mapping for 29 (11) in font IBBAAA+F6
18:34:41,280 WARN  [o.a.p.p.f.PDSimpleFont] No Unicode mapping for 22 (12) in font IBBAAA+F6
18:34:41,280 WARN  [o.a.p.p.f.PDSimpleFont] No Unicode mapping for 19 (13) in font IBBAAA+F6
18:34:41,280 WARN  [o.a.p.p.f.PDSimpleFont] No Unicode mapping for 18 (14) in font IBBAAA+F6
18:34:41,280 WARN  [o.a.p.p.f.PDSimpleFont] No Unicode mapping for 28 (15) in font IBBAAA+F6
18:34:43,146 WARN  [o.a.p.p.f.PDType0Font] No Unicode mapping for CID+45 (45) in font YGQUGR+Helvetica-Bold
18:34:43,147 WARN  [o.a.p.p.f.PDType0Font] No Unicode mapping for CID+36 (36) in font YGQUGR+Helvetica-Bold
18:34:43,147 WARN  [o.a.p.p.f.PDType0Font] No Unicode mapping for CID+48 (48) in font YGQUGR+Helvetica-Bold
18:34:43,147 WARN  [o.a.p.p.f.PDType0Font] No Unicode mapping for CID+40 (40) in font YGQUGR+Helvetica-Bold
18:34:43,147 WARN  [o.a.p.p.f.PDType0Font] No Unicode mapping for CID+54 (54) in font YGQUGR+Helvetica-Bold
18:34:43,147 WARN  [o.a.p.p.f.PDType0Font] No Unicode mapping for CID+3 (3) in font YGQUGR+Helvetica-Bold
18:34:43,147 WARN  [o.a.p.p.f.PDType0Font] No Unicode mapping for CID+58 (58) in font YGQUGR+Helvetica-Bold
18:34:43,147 WARN  [o.a.p.p.f.PDType0Font] No Unicode mapping for CID+47 (47) in font YGQUGR+Helvetica-Bold
18:34:43,147 WARN  [o.a.p.p.f.PDType0Font] No Unicode mapping for CID+46 (46) in font YGQUGR+Helvetica-Bold
18:34:43,147 WARN  [o.a.p.p.f.PDType0Font] No Unicode mapping for CID+53 (53) in font YGQUGR+Helvetica-Bold
18:34:43,147 WARN  [o.a.p.p.f.PDType0Font] No Unicode mapping for CID+36 (36) in font YGQUGR+Helvetica
18:34:43,148 WARN  [o.a.p.p.f.PDType0Font] No Unicode mapping for CID+53 (53) in font YGQUGR+Helvetica
18:34:43,148 WARN  [o.a.p.p.f.PDType0Font] No Unicode mapping for CID+39 (39) in font YGQUGR+Helvetica
18:34:43,148 WARN  [o.a.p.p.f.PDType0Font] No Unicode mapping for CID+18 (18) in font YGQUGR+Helvetica
18:34:43,148 WARN  [o.a.p.p.f.PDType0Font] No Unicode mapping for CID+21 (21) in font YGQUGR+Helvetica
18:34:43,148 WARN  [o.a.p.p.f.PDType0Font] No Unicode mapping for CID+19 (19) in font YGQUGR+Helvetica
18:34:43,148 WARN  [o.a.p.p.f.PDType0Font] No Unicode mapping for CID+42 (42) in font YGQUGR+Helvetica
18:34:43,148 WARN  [o.a.p.p.f.PDType0Font] No Unicode mapping for CID+55 (55) in font YGQUGR+Helvetica-Bold
18:34:43,148 WARN  [o.a.p.p.f.PDType0Font] No Unicode mapping for CID+50 (50) in font YGQUGR+Helvetica-Bold
18:34:43,148 WARN  [o.a.p.p.f.PDType0Font] No Unicode mapping for CID+54 (54) in font YGQUGR+Helvetica
18:34:43,148 WARN  [o.a.p.p.f.PDType0Font] No Unicode mapping for CID+3 (3) in font YGQUGR+Helvetica
18:34:43,148 WARN  [o.a.p.p.f.PDType0Font] No Unicode mapping for CID+40 (40) in font YGQUGR+Helvetica
18:34:43,148 WARN  [o.a.p.p.f.PDType0Font] No Unicode mapping for CID+51 (51) in font YGQUGR+Helvetica
18:34:43,149 WARN  [o.a.p.p.f.PDType0Font] No Unicode mapping for CID+57 (57) in font YGQUGR+Helvetica
18:34:43,149 WARN  [o.a.p.p.f.PDType0Font] No Unicode mapping for CID+20 (20) in font YGQUGR+Helvetica
18:34:43,149 WARN  [o.a.p.p.f.PDType0Font] No Unicode mapping for CID+23 (23) in font YGQUGR+Helvetica
18:34:43,149 WARN  [o.a.p.p.f.PDType0Font] No Unicode mapping for CID+49 (49) in font YGQUGR+Helvetica-Bold
18:34:43,149 WARN  [o.a.p.p.f.PDType0Font] No Unicode mapping for CID+48 (48) in font YGQUGR+Helvetica
18:34:43,149 WARN  [o.a.p.p.f.PDType0Font] No Unicode mapping for CID+16 (16) in font YGQUGR+Helvetica
18:34:43,149 WARN  [o.a.p.p.f.PDType0Font] No Unicode mapping for CID+26 (26) in font YGQUGR+Helvetica
18:34:43,149 WARN  [o.a.p.p.f.PDType0Font] No Unicode mapping for CID+43 (43) in font YGQUGR+Helvetica-Bold
18:34:43,149 WARN  [o.a.p.p.f.PDType0Font] No Unicode mapping for CID+39 (39) in font YGQUGR+Helvetica-Bold
18:34:43,149 WARN  [o.a.p.p.f.PDType0Font] No Unicode mapping for CID+51 (51) in font YGQUGR+Helvetica-Bold
18:34:43,149 WARN  [o.a.p.p.f.PDType0Font] No Unicode mapping for CID+17 (17) in font YGQUGR+Helvetica
18:34:43,149 WARN  [o.a.p.p.f.PDType0Font] No Unicode mapping for CID+37 (37) in font YGQUGR+Helvetica
18:34:43,149 WARN  [o.a.p.p.f.PDType0Font] No Unicode mapping for CID+22 (22) in font YGQUGR+Helvetica
18:34:43,219 WARN  [o.a.p.p.f.PDSimpleFont] No Unicode mapping for nobreakspace (31) in font YGQUGR+Helvetica-Bold
18:34:45,179 WARN  [o.a.p.p.f.PDSimpleFont] No Unicode mapping for 199 (2) in font QKNAYF+Wingdings
18:34:45,179 WARN  [o.a.p.p.f.PDSimpleFont] No Unicode mapping for 200 (3) in font QKNAYF+Wingdings
18:34:45,179 WARN  [o.a.p.p.f.PDSimpleFont] No Unicode mapping for 198 (5) in font QKNAYF+Wingdings
18:34:45,587 WARN  [o.a.p.p.f.PDSimpleFont] No Unicode mapping for 11 (40) in font Wingdings
18:34:45,587 WARN  [o.a.p.p.f.PDSimpleFont] No Unicode mapping for 3 (32) in font Wingdings
18:34:45,588 WARN  [o.a.p.p.f.PDSimpleFont] No Unicode mapping for fax (55) in font Wingdings2
18:34:45,588 WARN  [o.a.p.p.f.PDSimpleFont] No Unicode mapping for 13 (42) in font Wingdings
18:34:45,588 WARN  [o.a.p.p.f.PDSimpleFont] No Unicode mapping for 29 (58) in font Wingdings
18:34:48,591 WARN  [o.a.p.p.f.PDType0Font] No Unicode mapping for CID+1847 (1847) in font FLEGBO+Cambria
18:34:48,591 WARN  [o.a.p.p.f.PDType0Font] No Unicode mapping for CID+3404 (3404) in font FLEGBO+Cambria
18:34:48,591 WARN  [o.a.p.p.f.PDType0Font] No Unicode mapping for CID+1986 (1986) in font FLEGBO+Cambria
18:34:48,591 WARN  [o.a.p.p.f.PDType0Font] No Unicode mapping for CID+3039 (3039) in font FLEGBO+Cambria
18:34:48,591 WARN  [o.a.p.p.f.PDType0Font] No Unicode mapping for CID+3034 (3034) in font FLEGBO+Cambria
18:34:48,591 WARN  [o.a.p.p.f.PDType0Font] No Unicode mapping for CID+3397 (3397) in font FLEGBO+Cambria
18:34:48,591 WARN  [o.a.p.p.f.PDType0Font] No Unicode mapping for CID+2998 (2998) in font FLEGBO+Cambria
18:34:48,591 WARN  [o.a.p.p.f.PDType0Font] No Unicode mapping for CID+3428 (3428) in font FLEGBO+Cambria
18:34:48,591 WARN  [o.a.p.p.f.PDType0Font] No Unicode mapping for CID+1863 (1863) in font FLEGBO+Cambria
18:34:48,591 WARN  [o.a.p.p.f.PDType0Font] No Unicode mapping for CID+1836 (1836) in font FLEGBO+Cambria
18:34:48,591 WARN  [o.a.p.p.f.PDType0Font] No Unicode mapping for CID+1865 (1865) in font FLEGBO+Cambria
18:34:48,591 WARN  [o.a.p.p.f.PDType0Font] No Unicode mapping for CID+1867 (1867) in font FLEGBO+Cambria
18:34:48,591 WARN  [o.a.p.p.f.PDType0Font] No Unicode mapping for CID+1864 (1864) in font FLEGBO+Cambria
18:34:48,591 WARN  [o.a.p.p.f.PDType0Font] No Unicode mapping for CID+3432 (3432) in font FLEGBO+Cambria
18:34:48,592 WARN  [o.a.p.p.f.PDType0Font] No Unicode mapping for CID+1834 (1834) in font FLEGBO+Cambria
18:34:48,595 WARN  [o.a.p.p.f.PDType0Font] No Unicode mapping for CID+3398 (3398) in font FLEGBO+Cambria
18:34:48,595 WARN  [o.a.p.p.f.PDType0Font] No Unicode mapping for CID+1844 (1844) in font FLEGBO+Cambria
18:34:48,595 WARN  [o.a.p.p.f.PDType0Font] No Unicode mapping for CID+1846 (1846) in font FLEGBO+Cambria
18:34:48,595 WARN  [o.a.p.p.f.PDType0Font] No Unicode mapping for CID+2012 (2012) in font FLEGBO+Cambria
18:34:48,596 WARN  [o.a.p.p.f.PDType0Font] No Unicode mapping for CID+1855 (1855) in font FLEGBO+Cambria
18:34:48,596 WARN  [o.a.p.p.f.PDType0Font] No Unicode mapping for CID+2869 (2869) in font FLEGBO+Cambria
18:34:48,596 WARN  [o.a.p.p.f.PDType0Font] No Unicode mapping for CID+2870 (2870) in font FLEGBO+Cambria
18:34:48,596 WARN  [o.a.p.p.f.PDType0Font] No Unicode mapping for CID+3436 (3436) in font FLEGBO+Cambria
18:34:48,596 WARN  [o.a.p.p.f.PDType0Font] No Unicode mapping for CID+1848 (1848) in font FLEGBO+Cambria
18:34:48,596 WARN  [o.a.p.p.f.PDType0Font] No Unicode mapping for CID+3440 (3440) in font FLEGBO+Cambria
18:34:48,596 WARN  [o.a.p.p.f.PDType0Font] No Unicode mapping for CID+3435 (3435) in font FLEGBO+Cambria
18:34:48,596 WARN  [o.a.p.p.f.PDType0Font] No Unicode mapping for CID+3439 (3439) in font FLEGBO+Cambria
18:34:48,596 WARN  [o.a.p.p.f.PDType0Font] No Unicode mapping for CID+1839 (1839) in font FLEGBO+Cambria
18:34:48,596 WARN  [o.a.p.p.f.PDType0Font] No Unicode mapping for CID+1842 (1842) in font FLEGBO+Cambria
18:34:48,596 WARN  [o.a.p.p.f.PDType0Font] No Unicode mapping for CID+1853 (1853) in font FLEGBO+Cambria
18:34:48,599 WARN  [o.a.p.p.f.PDType0Font] No Unicode mapping for CID+3040 (3040) in font FLEGBO+Cambria
18:34:48,599 WARN  [o.a.p.p.f.PDType0Font] No Unicode mapping for CID+3036 (3036) in font FLEGBO+Cambria
18:34:48,599 WARN  [o.a.p.p.f.PDType0Font] No Unicode mapping for CID+3051 (3051) in font FLEGBO+Cambria
18:34:48,599 WARN  [o.a.p.p.f.PDType0Font] No Unicode mapping for CID+1876 (1876) in font FLEGBO+Cambria
18:34:48,599 WARN  [o.a.p.p.f.PDType0Font] No Unicode mapping for CID+3037 (3037) in font FLEGBO+Cambria
18:34:48,599 WARN  [o.a.p.p.f.PDType0Font] No Unicode mapping for CID+1827 (1827) in font FLEGBO+Cambria
18:34:48,599 WARN  [o.a.p.p.f.PDType0Font] No Unicode mapping for CID+2004 (2004) in font FLEGBO+Cambria
18:34:48,600 WARN  [o.a.p.p.f.PDType0Font] No Unicode mapping for CID+3046 (3046) in font FLEGBO+Cambria
18:34:48,600 WARN  [o.a.p.p.f.PDType0Font] No Unicode mapping for CID+4666 (4666) in font FLEGBO+Cambria
18:34:48,600 WARN  [o.a.p.p.f.PDType0Font] No Unicode mapping for CID+4667 (4667) in font FLEGBO+Cambria
18:34:48,601 WARN  [o.a.p.p.f.PDType0Font] No Unicode mapping for CID+3627 (3627) in font FLEGBO+Cambria
18:34:48,601 WARN  [o.a.p.p.f.PDType0Font] No Unicode mapping for CID+3409 (3409) in font FLEGBO+Cambria
18:34:48,601 WARN  [o.a.p.p.f.PDType0Font] No Unicode mapping for CID+3038 (3038) in font FLEGBO+Cambria
18:34:48,602 WARN  [o.a.p.p.f.PDType0Font] No Unicode mapping for CID+3032 (3032) in font FLEGBO+Cambria
18:34:48,602 WARN  [o.a.p.p.f.PDType0Font] No Unicode mapping for CID+3033 (3033) in font FLEGBO+Cambria
18:34:48,602 WARN  [o.a.p.p.f.PDType0Font] No Unicode mapping for CID+3364 (3364) in font FLEGBO+Cambria
18:34:48,602 WARN  [o.a.p.p.f.PDType0Font] No Unicode mapping for CID+1833 (1833) in font FLEGBO+Cambria
18:34:48,602 WARN  [o.a.p.p.f.PDType0Font] No Unicode mapping for CID+3006 (3006) in font FLEGBO+Cambria
18:34:48,602 WARN  [o.a.p.p.f.PDType0Font] No Unicode mapping for CID+3533 (3533) in font FLEGBO+Cambria
18:34:48,605 WARN  [o.a.p.p.f.PDType0Font] No Unicode mapping for CID+2031 (2031) in font FLEGBO+Cambria
18:34:48,605 WARN  [o.a.p.p.f.PDType0Font] No Unicode mapping for CID+2020 (2020) in font FLEGBO+Cambria
18:34:48,605 WARN  [o.a.p.p.f.PDType0Font] No Unicode mapping for CID+2868 (2868) in font FLEGBO+Cambria
18:34:48,605 WARN  [o.a.p.p.f.PDType0Font] No Unicode mapping for CID+3019 (3019) in font FLEGBO+Cambria
18:34:48,605 WARN  [o.a.p.p.f.PDType0Font] No Unicode mapping for CID+4680 (4680) in font FLEGBO+Cambria
18:34:48,605 WARN  [o.a.p.p.f.PDType0Font] No Unicode mapping for CID+1866 (1866) in font FLEGBO+Cambria
18:34:48,605 WARN  [o.a.p.p.f.PDType0Font] No Unicode mapping for CID+4678 (4678) in font FLEGBO+Cambria
18:34:48,605 WARN  [o.a.p.p.f.PDType0Font] No Unicode mapping for CID+4679 (4679) in font FLEGBO+Cambria
18:34:48,605 WARN  [o.a.p.p.f.PDType0Font] No Unicode mapping for CID+4681 (4681) in font FLEGBO+Cambria
18:34:48,606 WARN  [o.a.p.p.f.PDType0Font] No Unicode mapping for CID+4670 (4670) in font FLEGBO+Cambria
18:34:48,606 WARN  [o.a.p.p.f.PDType0Font] No Unicode mapping for CID+4671 (4671) in font FLEGBO+Cambria
18:34:48,607 WARN  [o.a.p.p.f.PDType0Font] No Unicode mapping for CID+3020 (3020) in font FLEGBO+Cambria
18:34:48,607 WARN  [o.a.p.p.f.PDType0Font] No Unicode mapping for CID+3009 (3009) in font FLEGBO+Cambria
18:34:48,609 WARN  [o.a.p.p.f.PDType0Font] No Unicode mapping for CID+4674 (4674) in font FLEGBO+Cambria
18:34:48,609 WARN  [o.a.p.p.f.PDType0Font] No Unicode mapping for CID+3031 (3031) in font FLEGBO+Cambria
18:34:48,609 WARN  [o.a.p.p.f.PDType0Font] No Unicode mapping for CID+3043 (3043) in font FLEGBO+Cambria
18:34:48,609 WARN  [o.a.p.p.f.PDType0Font] No Unicode mapping for CID+3035 (3035) in font FLEGBO+Cambria
18:34:48,609 WARN  [o.a.p.p.f.PDType0Font] No Unicode mapping for CID+4675 (4675) in font FLEGBO+Cambria
18:34:48,610 WARN  [o.a.p.p.f.PDType0Font] No Unicode mapping for CID+3399 (3399) in font FLEGBO+Cambria
18:34:48,615 WARN  [o.a.p.p.f.PDType0Font] No Unicode mapping for CID+1845 (1845) in font FLEGBO+Cambria
18:34:48,616 WARN  [o.a.p.p.f.PDType0Font] No Unicode mapping for CID+3406 (3406) in font FLEGBO+Cambria
18:34:48,616 WARN  [o.a.p.p.f.PDType0Font] No Unicode mapping for CID+2024 (2024) in font FLEGBO+Cambria
18:34:48,616 WARN  [o.a.p.p.f.PDType0Font] No Unicode mapping for CID+2025 (2025) in font FLEGBO+Cambria
18:34:48,616 WARN  [o.a.p.p.f.PDType0Font] No Unicode mapping for CID+3505 (3505) in font FLEGBO+Cambria
18:34:48,616 WARN  [o.a.p.p.f.PDType0Font] No Unicode mapping for CID+2919 (2919) in font FLEGBO+Cambria
18:34:48,616 WARN  [o.a.p.p.f.PDType0Font] No Unicode mapping for CID+2920 (2920) in font FLEGBO+Cambria
18:34:48,617 WARN  [o.a.p.p.f.PDType0Font] No Unicode mapping for CID+2033 (2033) in font FLEGBO+Cambria
18:34:48,617 WARN  [o.a.p.p.f.PDType0Font] No Unicode mapping for CID+1878 (1878) in font FLEGBO+Cambria
18:34:48,617 WARN  [o.a.p.p.f.PDType0Font] No Unicode mapping for CID+1870 (1870) in font FLEGBO+Cambria
18:34:48,617 WARN  [o.a.p.p.f.PDType0Font] No Unicode mapping for CID+4672 (4672) in font FLEGBO+Cambria
18:34:48,617 WARN  [o.a.p.p.f.PDType0Font] No Unicode mapping for CID+4673 (4673) in font FLEGBO+Cambria
18:34:48,619 WARN  [o.a.p.p.f.PDType0Font] No Unicode mapping for CID+1829 (1829) in font FLEGBO+Cambria
18:34:48,619 WARN  [o.a.p.p.f.PDType0Font] No Unicode mapping for CID+2009 (2009) in font FLEGBO+Cambria
18:34:48,619 WARN  [o.a.p.p.f.PDType0Font] No Unicode mapping for CID+2874 (2874) in font FLEGBO+Cambria
18:34:48,619 WARN  [o.a.p.p.f.PDType0Font] No Unicode mapping for CID+2871 (2871) in font FLEGBO+Cambria
18:34:48,619 WARN  [o.a.p.p.f.PDType0Font] No Unicode mapping for CID+1843 (1843) in font FLEGBO+Cambria
18:34:48,619 WARN  [o.a.p.p.f.PDType0Font] No Unicode mapping for CID+2876 (2876) in font FLEGBO+Cambria
18:34:48,619 WARN  [o.a.p.p.f.PDType0Font] No Unicode mapping for CID+2872 (2872) in font FLEGBO+Cambria
18:34:48,619 WARN  [o.a.p.p.f.PDType0Font] No Unicode mapping for CID+2873 (2873) in font FLEGBO+Cambria
18:34:48,619 WARN  [o.a.p.p.f.PDType0Font] No Unicode mapping for CID+1868 (1868) in font FLEGBO+Cambria
18:34:48,619 WARN  [o.a.p.p.f.PDType0Font] No Unicode mapping for CID+1857 (1857) in font FLEGBO+Cambria
18:34:48,620 WARN  [o.a.p.p.f.PDType0Font] No Unicode mapping for CID+1858 (1858) in font FLEGBO+Cambria
18:34:48,620 WARN  [o.a.p.p.f.PDType0Font] No Unicode mapping for CID+1872 (1872) in font FLEGBO+Cambria
18:34:48,620 WARN  [o.a.p.p.f.PDType0Font] No Unicode mapping for CID+1861 (1861) in font FLEGBO+Cambria
18:34:48,621 WARN  [o.a.p.p.f.PDType0Font] No Unicode mapping for CID+1499 (1499) in font FLEGBO+Cambria
18:34:48,621 WARN  [o.a.p.p.f.PDType0Font] No Unicode mapping for CID+1874 (1874) in font FLEGBO+Cambria
18:34:48,631 WARN  [o.a.p.p.f.PDType0Font] No Unicode mapping for CID+3050 (3050) in font FLEGBO+Cambria
18:34:48,631 WARN  [o.a.p.p.f.PDType0Font] No Unicode mapping for CID+3028 (3028) in font FLEGBO+Cambria
18:34:48,631 WARN  [o.a.p.p.f.PDType0Font] No Unicode mapping for CID+3047 (3047) in font FLEGBO+Cambria
18:34:48,631 WARN  [o.a.p.p.f.PDType0Font] No Unicode mapping for CID+3030 (3030) in font FLEGBO+Cambria
18:34:48,632 WARN  [o.a.p.p.f.PDType0Font] No Unicode mapping for CID+1998 (1998) in font FLEGBO+Cambria
18:34:48,635 WARN  [o.a.p.p.f.PDType0Font] No Unicode mapping for CID+2877 (2877) in font FLEGBO+Cambria
18:34:48,635 WARN  [o.a.p.p.f.PDType0Font] No Unicode mapping for CID+2875 (2875) in font FLEGBO+Cambria
18:34:48,635 WARN  [o.a.p.p.f.PDType0Font] No Unicode mapping for CID+1854 (1854) in font FLEGBO+Cambria
18:34:48,637 WARN  [o.a.p.p.f.PDType0Font] No Unicode mapping for CID+1838 (1838) in font FLEGBO+Cambria
18:34:48,637 WARN  [o.a.p.p.f.PDType0Font] No Unicode mapping for CID+2034 (2034) in font FLEGBO+Cambria
18:34:48,637 WARN  [o.a.p.p.f.PDType0Font] No Unicode mapping for CID+2879 (2879) in font FLEGBO+Cambria
18:34:48,637 WARN  [o.a.p.p.f.PDType0Font] No Unicode mapping for CID+2010 (2010) in font FLEGBO+Cambria
18:34:48,643 WARN  [o.a.p.p.f.PDType0Font] No Unicode mapping for CID+1837 (1837) in font FLEGBO+Cambria
18:34:48,643 WARN  [o.a.p.p.f.PDType0Font] No Unicode mapping for CID+1831 (1831) in font FLEGBO+Cambria
18:34:48,643 WARN  [o.a.p.p.f.PDType0Font] No Unicode mapping for CID+2021 (2021) in font FLEGBO+Cambria
18:34:48,658 WARN  [o.a.p.p.f.PDType0Font] No Unicode mapping for CID+1875 (1875) in font FLEGBO+Cambria
18:34:48,658 WARN  [o.a.p.p.f.PDType0Font] No Unicode mapping for CID+1859 (1859) in font FLEGBO+Cambria
18:34:48,661 WARN  [o.a.p.p.f.PDType0Font] No Unicode mapping for CID+1871 (1871) in font FLEGBO+Cambria
18:34:48,661 WARN  [o.a.p.p.f.PDType0Font] No Unicode mapping for CID+1856 (1856) in font FLEGBO+Cambria
18:34:49,491 WARN  [o.a.p.p.f.PDSimpleFont] No Unicode mapping for G01 (1) in font HBKEDG+MSTT317d1e9ba4o095032S00
18:34:49,491 WARN  [o.a.p.p.f.PDSimpleFont] No Unicode mapping for G02 (2) in font HBKEDG+MSTT317d1e9ba4o095032S00
18:34:49,491 WARN  [o.a.p.p.f.PDSimpleFont] No Unicode mapping for G03 (3) in font HBKEDG+MSTT317d1e9ba4o095032S00
18:34:49,491 WARN  [o.a.p.p.f.PDSimpleFont] No Unicode mapping for G04 (4) in font HBKEDG+MSTT317d1e9ba4o095032S00
18:34:49,492 WARN  [o.a.p.p.f.PDSimpleFont] No Unicode mapping for G05 (5) in font HBKEDG+MSTT317d1e9ba4o095032S00
18:34:49,492 WARN  [o.a.p.p.f.PDSimpleFont] No Unicode mapping for G06 (6) in font HBKEDG+MSTT317d1e9ba4o095032S00
18:34:49,492 WARN  [o.a.p.p.f.PDSimpleFont] No Unicode mapping for G07 (7) in font HBKEDG+MSTT317d1e9ba4o095032S00
18:34:49,492 WARN  [o.a.p.p.f.PDSimpleFont] No Unicode mapping for G08 (8) in font HBKEDG+MSTT317d1e9ba4o095032S00
18:34:49,492 WARN  [o.a.p.p.f.PDSimpleFont] No Unicode mapping for G09 (9) in font HBKEDG+MSTT317d1e9ba4o095032S00
18:34:49,492 WARN  [o.a.p.p.f.PDSimpleFont] No Unicode mapping for G0A (10) in font HBKEDG+MSTT317d1e9ba4o095032S00
18:34:49,492 WARN  [o.a.p.p.f.PDSimpleFont] No Unicode mapping for G0B (11) in font HBKEDG+MSTT317d1e9ba4o095032S00
18:34:49,492 WARN  [o.a.p.p.f.PDSimpleFont] No Unicode mapping for G0C (12) in font HBKEDG+MSTT317d1e9ba4o095032S00
18:34:49,492 WARN  [o.a.p.p.f.PDSimpleFont] No Unicode mapping for G0D (13) in font HBKEDG+MSTT317d1e9ba4o095032S00
18:34:49,492 WARN  [o.a.p.p.f.PDSimpleFont] No Unicode mapping for G0E (14) in font HBKEDG+MSTT317d1e9ba4o095032S00
18:34:49,492 WARN  [o.a.p.p.f.PDSimpleFont] No Unicode mapping for G0F (15) in font HBKEDG+MSTT317d1e9ba4o095032S00
18:34:49,492 WARN  [o.a.p.p.f.PDSimpleFont] No Unicode mapping for G10 (16) in font HBKEDG+MSTT317d1e9ba4o095032S00
18:34:49,493 WARN  [o.a.p.p.f.PDSimpleFont] No Unicode mapping for G11 (17) in font HBKEDG+MSTT317d1e9ba4o095032S00
18:34:49,493 WARN  [o.a.p.p.f.PDSimpleFont] No Unicode mapping for G01 (1) in font HBKEMD+MSTT317d1e9ba4o105035S00
18:34:49,493 WARN  [o.a.p.p.f.PDSimpleFont] No Unicode mapping for G01 (1) in font HBKEND+MSTT317f975107o340110S00
18:34:49,493 WARN  [o.a.p.p.f.PDSimpleFont] No Unicode mapping for G02 (2) in font HBKEND+MSTT317f975107o340110S00
18:34:49,494 WARN  [o.a.p.p.f.PDSimpleFont] No Unicode mapping for G03 (3) in font HBKEND+MSTT317f975107o340110S00
18:34:49,494 WARN  [o.a.p.p.f.PDSimpleFont] No Unicode mapping for G04 (4) in font HBKEND+MSTT317f975107o340110S00
18:34:49,494 WARN  [o.a.p.p.f.PDSimpleFont] No Unicode mapping for G05 (5) in font HBKEND+MSTT317f975107o340110S00
18:34:49,494 WARN  [o.a.p.p.f.PDSimpleFont] No Unicode mapping for G06 (6) in font HBKEND+MSTT317f975107o340110S00
18:34:49,494 WARN  [o.a.p.p.f.PDSimpleFont] No Unicode mapping for G07 (7) in font HBKEND+MSTT317f975107o340110S00
18:34:49,494 WARN  [o.a.p.p.f.PDSimpleFont] No Unicode mapping for G08 (8) in font HBKEND+MSTT317f975107o340110S00
18:34:49,494 WARN  [o.a.p.p.f.PDSimpleFont] No Unicode mapping for G09 (9) in font HBKEND+MSTT317f975107o340110S00
18:34:49,494 WARN  [o.a.p.p.f.PDSimpleFont] No Unicode mapping for G0A (10) in font HBKEND+MSTT317f975107o340110S00
18:34:49,494 WARN  [o.a.p.p.f.PDSimpleFont] No Unicode mapping for G0B (11) in font HBKEND+MSTT317f975107o340110S00
18:34:49,494 WARN  [o.a.p.p.f.PDSimpleFont] No Unicode mapping for G0C (12) in font HBKEND+MSTT317f975107o340110S00
18:34:49,494 WARN  [o.a.p.p.f.PDSimpleFont] No Unicode mapping for G0D (13) in font HBKEND+MSTT317f975107o340110S00
18:34:49,494 WARN  [o.a.p.p.f.PDSimpleFont] No Unicode mapping for G0E (14) in font HBKEND+MSTT317f975107o340110S00
18:34:49,494 WARN  [o.a.p.p.f.PDSimpleFont] No Unicode mapping for G0F (15) in font HBKEND+MSTT317f975107o340110S00
18:34:49,495 WARN  [o.a.p.p.f.PDSimpleFont] No Unicode mapping for G10 (16) in font HBKEND+MSTT317f975107o340110S00
18:34:49,495 WARN  [o.a.p.p.f.PDSimpleFont] No Unicode mapping for G11 (17) in font HBKEND+MSTT317f975107o340110S00
18:34:49,495 WARN  [o.a.p.p.f.PDSimpleFont] No Unicode mapping for G12 (18) in font HBKEND+MSTT317f975107o340110S00
18:34:49,495 WARN  [o.a.p.p.f.PDSimpleFont] No Unicode mapping for G13 (19) in font HBKEND+MSTT317f975107o340110S00
18:34:49,495 WARN  [o.a.p.p.f.PDSimpleFont] No Unicode mapping for G14 (20) in font HBKEND+MSTT317f975107o340110S00
18:34:49,495 WARN  [o.a.p.p.f.PDSimpleFont] No Unicode mapping for G15 (21) in font HBKEND+MSTT317f975107o340110S00
18:34:49,495 WARN  [o.a.p.p.f.PDSimpleFont] No Unicode mapping for G16 (22) in font HBKEND+MSTT317f975107o340110S00
18:34:49,495 WARN  [o.a.p.p.f.PDSimpleFont] No Unicode mapping for G17 (23) in font HBKEND+MSTT317f975107o340110S00
18:34:49,495 WARN  [o.a.p.p.f.PDSimpleFont] No Unicode mapping for G01 (1) in font HBKFDL+MSTT317f975107o169055S00
18:34:49,496 WARN  [o.a.p.p.f.PDSimpleFont] No Unicode mapping for G02 (2) in font HBKFDL+MSTT317f975107o169055S00
18:34:49,496 WARN  [o.a.p.p.f.PDSimpleFont] No Unicode mapping for G03 (3) in font HBKFDL+MSTT317f975107o169055S00
18:34:49,496 WARN  [o.a.p.p.f.PDSimpleFont] No Unicode mapping for G04 (4) in font HBKFDL+MSTT317f975107o169055S00
18:34:49,496 WARN  [o.a.p.p.f.PDSimpleFont] No Unicode mapping for G05 (5) in font HBKFDL+MSTT317f975107o169055S00
18:34:49,496 WARN  [o.a.p.p.f.PDSimpleFont] No Unicode mapping for G06 (6) in font HBKFDL+MSTT317f975107o169055S00
18:34:49,496 WARN  [o.a.p.p.f.PDSimpleFont] No Unicode mapping for G07 (7) in font HBKFDL+MSTT317f975107o169055S00
18:34:49,496 WARN  [o.a.p.p.f.PDSimpleFont] No Unicode mapping for G08 (8) in font HBKFDL+MSTT317f975107o169055S00
18:34:49,496 WARN  [o.a.p.p.f.PDSimpleFont] No Unicode mapping for G09 (9) in font HBKFDL+MSTT317f975107o169055S00
18:34:49,496 WARN  [o.a.p.p.f.PDSimpleFont] No Unicode mapping for G0A (10) in font HBKFDL+MSTT317f975107o169055S00
18:34:49,496 WARN  [o.a.p.p.f.PDSimpleFont] No Unicode mapping for G0B (11) in font HBKFDL+MSTT317f975107o169055S00
18:34:49,496 WARN  [o.a.p.p.f.PDSimpleFont] No Unicode mapping for G0C (12) in font HBKFDL+MSTT317f975107o169055S00
18:34:49,496 WARN  [o.a.p.p.f.PDSimpleFont] No Unicode mapping for G0D (13) in font HBKFDL+MSTT317f975107o169055S00
18:34:49,496 WARN  [o.a.p.p.f.PDSimpleFont] No Unicode mapping for G0E (14) in font HBKFDL+MSTT317f975107o169055S00
18:34:49,497 WARN  [o.a.p.p.f.PDSimpleFont] No Unicode mapping for G0F (15) in font HBKFDL+MSTT317f975107o169055S00
18:34:49,497 WARN  [o.a.p.p.f.PDSimpleFont] No Unicode mapping for G10 (16) in font HBKFDL+MSTT317f975107o169055S00
18:34:49,497 WARN  [o.a.p.p.f.PDSimpleFont] No Unicode mapping for G11 (17) in font HBKFDL+MSTT317f975107o169055S00
18:34:49,497 WARN  [o.a.p.p.f.PDSimpleFont] No Unicode mapping for G12 (18) in font HBKFDL+MSTT317f975107o169055S00
18:34:49,497 WARN  [o.a.p.p.f.PDSimpleFont] No Unicode mapping for G13 (19) in font HBKFDL+MSTT317f975107o169055S00
18:34:49,497 WARN  [o.a.p.p.f.PDSimpleFont] No Unicode mapping for G14 (20) in font HBKFDL+MSTT317f975107o169055S00
18:34:49,497 WARN  [o.a.p.p.f.PDSimpleFont] No Unicode mapping for G15 (21) in font HBKFDL+MSTT317f975107o169055S00
18:34:49,497 WARN  [o.a.p.p.f.PDSimpleFont] No Unicode mapping for G16 (22) in font HBKFDL+MSTT317f975107o169055S00
18:34:49,497 WARN  [o.a.p.p.f.PDSimpleFont] No Unicode mapping for G17 (23) in font HBKFDL+MSTT317f975107o169055S00
18:34:49,498 WARN  [o.a.p.p.f.PDSimpleFont] No Unicode mapping for G18 (24) in font HBKFDL+MSTT317f975107o169055S00
18:34:49,498 WARN  [o.a.p.p.f.PDSimpleFont] No Unicode mapping for G01 (1) in font HBKGIO+MSTT31f4c52cfo105036S00
18:34:49,499 WARN  [o.a.p.p.f.PDSimpleFont] No Unicode mapping for G02 (2) in font HBKGIO+MSTT31f4c52cfo105036S00
18:34:49,499 WARN  [o.a.p.p.f.PDSimpleFont] No Unicode mapping for G03 (3) in font HBKGIO+MSTT31f4c52cfo105036S00
18:34:49,499 WARN  [o.a.p.p.f.PDSimpleFont] No Unicode mapping for G04 (4) in font HBKGIO+MSTT31f4c52cfo105036S00
18:34:49,499 WARN  [o.a.p.p.f.PDSimpleFont] No Unicode mapping for G05 (5) in font HBKGIO+MSTT31f4c52cfo105036S00
18:34:49,499 WARN  [o.a.p.p.f.PDSimpleFont] No Unicode mapping for G06 (6) in font HBKGIO+MSTT31f4c52cfo105036S00
18:34:49,499 WARN  [o.a.p.p.f.PDSimpleFont] No Unicode mapping for G07 (7) in font HBKGIO+MSTT31f4c52cfo105036S00
18:34:49,499 WARN  [o.a.p.p.f.PDSimpleFont] No Unicode mapping for G08 (8) in font HBKGIO+MSTT31f4c52cfo105036S00
18:34:49,499 WARN  [o.a.p.p.f.PDSimpleFont] No Unicode mapping for G09 (9) in font HBKGIO+MSTT31f4c52cfo105036S00
18:34:49,499 WARN  [o.a.p.p.f.PDSimpleFont] No Unicode mapping for G0A (10) in font HBKGIO+MSTT31f4c52cfo105036S00
18:34:49,499 WARN  [o.a.p.p.f.PDSimpleFont] No Unicode mapping for G01 (1) in font HBKGMI+MSTT317d1e9ba4o085028S00
18:34:49,499 WARN  [o.a.p.p.f.PDSimpleFont] No Unicode mapping for G02 (2) in font HBKGMI+MSTT317d1e9ba4o085028S00
18:34:49,499 WARN  [o.a.p.p.f.PDSimpleFont] No Unicode mapping for G03 (3) in font HBKGMI+MSTT317d1e9ba4o085028S00
18:34:49,500 WARN  [o.a.p.p.f.PDSimpleFont] No Unicode mapping for G04 (4) in font HBKGMI+MSTT317d1e9ba4o085028S00
18:34:49,500 WARN  [o.a.p.p.f.PDSimpleFont] No Unicode mapping for G05 (5) in font HBKGMI+MSTT317d1e9ba4o085028S00
18:34:49,500 WARN  [o.a.p.p.f.PDSimpleFont] No Unicode mapping for G06 (6) in font HBKGMI+MSTT317d1e9ba4o085028S00
18:34:49,500 WARN  [o.a.p.p.f.PDSimpleFont] No Unicode mapping for G07 (7) in font HBKGMI+MSTT317d1e9ba4o085028S00
18:34:49,500 WARN  [o.a.p.p.f.PDSimpleFont] No Unicode mapping for G08 (8) in font HBKGMI+MSTT317d1e9ba4o085028S00
18:34:49,500 WARN  [o.a.p.p.f.PDSimpleFont] No Unicode mapping for G09 (9) in font HBKGMI+MSTT317d1e9ba4o085028S00
18:34:49,500 WARN  [o.a.p.p.f.PDSimpleFont] No Unicode mapping for G0A (10) in font HBKGMI+MSTT317d1e9ba4o085028S00
18:34:49,500 WARN  [o.a.p.p.f.PDSimpleFont] No Unicode mapping for G0B (11) in font HBKGMI+MSTT317d1e9ba4o085028S00
18:34:49,500 WARN  [o.a.p.p.f.PDSimpleFont] No Unicode mapping for G0C (12) in font HBKGMI+MSTT317d1e9ba4o085028S00
18:34:49,500 WARN  [o.a.p.p.f.PDSimpleFont] No Unicode mapping for G0D (13) in font HBKGMI+MSTT317d1e9ba4o085028S00
18:34:49,500 WARN  [o.a.p.p.f.PDSimpleFont] No Unicode mapping for G0E (14) in font HBKGMI+MSTT317d1e9ba4o085028S00
18:34:49,500 WARN  [o.a.p.p.f.PDSimpleFont] No Unicode mapping for G0F (15) in font HBKGMI+MSTT317d1e9ba4o085028S00
18:34:49,500 WARN  [o.a.p.p.f.PDSimpleFont] No Unicode mapping for G10 (16) in font HBKGMI+MSTT317d1e9ba4o085028S00
18:34:49,500 WARN  [o.a.p.p.f.PDSimpleFont] No Unicode mapping for G11 (17) in font HBKGMI+MSTT317d1e9ba4o085028S00
18:34:49,500 WARN  [o.a.p.p.f.PDSimpleFont] No Unicode mapping for G12 (18) in font HBKGMI+MSTT317d1e9ba4o085028S00
18:34:49,501 WARN  [o.a.p.p.f.PDSimpleFont] No Unicode mapping for G13 (19) in font HBKGMI+MSTT317d1e9ba4o085028S00
18:34:49,501 WARN  [o.a.p.p.f.PDSimpleFont] No Unicode mapping for G14 (20) in font HBKGMI+MSTT317d1e9ba4o085028S00
18:34:49,501 WARN  [o.a.p.p.f.PDSimpleFont] No Unicode mapping for G15 (21) in font HBKGMI+MSTT317d1e9ba4o085028S00
18:34:49,501 WARN  [o.a.p.p.f.PDSimpleFont] No Unicode mapping for G16 (22) in font HBKGMI+MSTT317d1e9ba4o085028S00
18:34:49,501 WARN  [o.a.p.p.f.PDSimpleFont] No Unicode mapping for G17 (23) in font HBKGMI+MSTT317d1e9ba4o085028S00
18:34:49,501 WARN  [o.a.p.p.f.PDSimpleFont] No Unicode mapping for G18 (24) in font HBKGMI+MSTT317d1e9ba4o085028S00
18:34:49,501 WARN  [o.a.p.p.f.PDSimpleFont] No Unicode mapping for G19 (25) in font HBKGMI+MSTT317d1e9ba4o085028S00
18:34:49,501 WARN  [o.a.p.p.f.PDSimpleFont] No Unicode mapping for G1A (26) in font HBKGMI+MSTT317d1e9ba4o085028S00
18:34:49,501 WARN  [o.a.p.p.f.PDSimpleFont] No Unicode mapping for G1B (27) in font HBKGMI+MSTT317d1e9ba4o085028S00
18:34:49,501 WARN  [o.a.p.p.f.PDSimpleFont] No Unicode mapping for G1C (28) in font HBKGMI+MSTT317d1e9ba4o085028S00
18:34:49,501 WARN  [o.a.p.p.f.PDSimpleFont] No Unicode mapping for G1D (29) in font HBKGMI+MSTT317d1e9ba4o085028S00
18:34:49,501 WARN  [o.a.p.p.f.PDSimpleFont] No Unicode mapping for G1E (30) in font HBKGMI+MSTT317d1e9ba4o085028S00
18:34:49,501 WARN  [o.a.p.p.f.PDSimpleFont] No Unicode mapping for G1F (31) in font HBKGMI+MSTT317d1e9ba4o085028S00
18:34:49,502 WARN  [o.a.p.p.f.PDSimpleFont] No Unicode mapping for G20 (32) in font HBKGMI+MSTT317d1e9ba4o085028S00
18:34:49,502 WARN  [o.a.p.p.f.PDSimpleFont] No Unicode mapping for G21 (33) in font HBKGMI+MSTT317d1e9ba4o085028S00
18:34:49,502 WARN  [o.a.p.p.f.PDSimpleFont] No Unicode mapping for G22 (34) in font HBKGMI+MSTT317d1e9ba4o085028S00
18:34:49,502 WARN  [o.a.p.p.f.PDSimpleFont] No Unicode mapping for G23 (35) in font HBKGMI+MSTT317d1e9ba4o085028S00
18:34:49,502 WARN  [o.a.p.p.f.PDSimpleFont] No Unicode mapping for G24 (36) in font HBKGMI+MSTT317d1e9ba4o085028S00
18:34:49,502 WARN  [o.a.p.p.f.PDSimpleFont] No Unicode mapping for G25 (37) in font HBKGMI+MSTT317d1e9ba4o085028S00
18:34:49,502 WARN  [o.a.p.p.f.PDSimpleFont] No Unicode mapping for G26 (38) in font HBKGMI+MSTT317d1e9ba4o085028S00
18:34:49,502 WARN  [o.a.p.p.f.PDSimpleFont] No Unicode mapping for G27 (39) in font HBKGMI+MSTT317d1e9ba4o085028S00
18:34:49,502 WARN  [o.a.p.p.f.PDSimpleFont] No Unicode mapping for G28 (40) in font HBKGMI+MSTT317d1e9ba4o085028S00
18:34:49,503 WARN  [o.a.p.p.f.PDSimpleFont] No Unicode mapping for G29 (41) in font HBKGMI+MSTT317d1e9ba4o085028S00
18:34:49,503 WARN  [o.a.p.p.f.PDSimpleFont] No Unicode mapping for G01 (1) in font HBKHEG+MSTT31f4c52cfo126043S00
18:34:49,504 WARN  [o.a.p.p.f.PDSimpleFont] No Unicode mapping for G02 (2) in font HBKHEG+MSTT31f4c52cfo126043S00
18:34:49,504 WARN  [o.a.p.p.f.PDSimpleFont] No Unicode mapping for G03 (3) in font HBKHEG+MSTT31f4c52cfo126043S00
18:34:49,504 WARN  [o.a.p.p.f.PDSimpleFont] No Unicode mapping for G04 (4) in font HBKHEG+MSTT31f4c52cfo126043S00
18:34:49,504 WARN  [o.a.p.p.f.PDSimpleFont] No Unicode mapping for G05 (5) in font HBKHEG+MSTT31f4c52cfo126043S00
18:34:49,504 WARN  [o.a.p.p.f.PDSimpleFont] No Unicode mapping for G06 (6) in font HBKHEG+MSTT31f4c52cfo126043S00
18:34:49,504 WARN  [o.a.p.p.f.PDSimpleFont] No Unicode mapping for G07 (7) in font HBKHEG+MSTT31f4c52cfo126043S00
18:34:49,504 WARN  [o.a.p.p.f.PDSimpleFont] No Unicode mapping for G08 (8) in font HBKHEG+MSTT31f4c52cfo126043S00
18:34:49,504 WARN  [o.a.p.p.f.PDSimpleFont] No Unicode mapping for G09 (9) in font HBKHEG+MSTT31f4c52cfo126043S00
18:34:49,504 WARN  [o.a.p.p.f.PDSimpleFont] No Unicode mapping for G0A (10) in font HBKHEG+MSTT31f4c52cfo126043S00
18:34:49,504 WARN  [o.a.p.p.f.PDSimpleFont] No Unicode mapping for G0B (11) in font HBKHEG+MSTT31f4c52cfo126043S00
18:34:49,505 WARN  [o.a.p.p.f.PDSimpleFont] No Unicode mapping for G0C (12) in font HBKHEG+MSTT31f4c52cfo126043S00
18:34:49,505 WARN  [o.a.p.p.f.PDSimpleFont] No Unicode mapping for G0D (13) in font HBKHEG+MSTT31f4c52cfo126043S00
18:34:49,505 WARN  [o.a.p.p.f.PDSimpleFont] No Unicode mapping for G0E (14) in font HBKHEG+MSTT31f4c52cfo126043S00
18:34:49,505 WARN  [o.a.p.p.f.PDSimpleFont] No Unicode mapping for G2A (42) in font HBKGMI+MSTT317d1e9ba4o085028S00
18:34:49,505 WARN  [o.a.p.p.f.PDSimpleFont] No Unicode mapping for G2B (43) in font HBKGMI+MSTT317d1e9ba4o085028S00
18:34:49,505 WARN  [o.a.p.p.f.PDSimpleFont] No Unicode mapping for G2C (44) in font HBKGMI+MSTT317d1e9ba4o085028S00
18:34:49,505 WARN  [o.a.p.p.f.PDSimpleFont] No Unicode mapping for G2D (45) in font HBKGMI+MSTT317d1e9ba4o085028S00
18:34:49,506 WARN  [o.a.p.p.f.PDSimpleFont] No Unicode mapping for G01 (1) in font HBKHNA+MSTT317d1e9ba4o117039S00
18:34:49,506 WARN  [o.a.p.p.f.PDSimpleFont] No Unicode mapping for G02 (2) in font HBKHNA+MSTT317d1e9ba4o117039S00
18:34:49,507 WARN  [o.a.p.p.f.PDSimpleFont] No Unicode mapping for G03 (3) in font HBKHNA+MSTT317d1e9ba4o117039S00
18:34:49,507 WARN  [o.a.p.p.f.PDSimpleFont] No Unicode mapping for G04 (4) in font HBKHNA+MSTT317d1e9ba4o117039S00
18:34:49,507 WARN  [o.a.p.p.f.PDSimpleFont] No Unicode mapping for G05 (5) in font HBKHNA+MSTT317d1e9ba4o117039S00
18:34:49,507 WARN  [o.a.p.p.f.PDSimpleFont] No Unicode mapping for G06 (6) in font HBKHNA+MSTT317d1e9ba4o117039S00
18:34:49,507 WARN  [o.a.p.p.f.PDSimpleFont] No Unicode mapping for G07 (7) in font HBKHNA+MSTT317d1e9ba4o117039S00
18:34:49,507 WARN  [o.a.p.p.f.PDSimpleFont] No Unicode mapping for G08 (8) in font HBKHNA+MSTT317d1e9ba4o117039S00
18:34:49,507 WARN  [o.a.p.p.f.PDSimpleFont] No Unicode mapping for G09 (9) in font HBKHNA+MSTT317d1e9ba4o117039S00
18:34:49,507 WARN  [o.a.p.p.f.PDSimpleFont] No Unicode mapping for G0A (10) in font HBKHNA+MSTT317d1e9ba4o117039S00
18:34:49,507 WARN  [o.a.p.p.f.PDSimpleFont] No Unicode mapping for G01 (1) in font HBKIAM+MSTT317d1e9ba4o127042S00
18:34:49,508 WARN  [o.a.p.p.f.PDSimpleFont] No Unicode mapping for G02 (2) in font HBKIAM+MSTT317d1e9ba4o127042S00
18:34:49,508 WARN  [o.a.p.p.f.PDSimpleFont] No Unicode mapping for G03 (3) in font HBKIAM+MSTT317d1e9ba4o127042S00
18:34:49,508 WARN  [o.a.p.p.f.PDSimpleFont] No Unicode mapping for G04 (4) in font HBKIAM+MSTT317d1e9ba4o127042S00
18:34:49,508 WARN  [o.a.p.p.f.PDSimpleFont] No Unicode mapping for G05 (5) in font HBKIAM+MSTT317d1e9ba4o127042S00
18:34:49,508 WARN  [o.a.p.p.f.PDSimpleFont] No Unicode mapping for G06 (6) in font HBKIAM+MSTT317d1e9ba4o127042S00
18:34:49,508 WARN  [o.a.p.p.f.PDSimpleFont] No Unicode mapping for G07 (7) in font HBKIAM+MSTT317d1e9ba4o127042S00
18:34:49,508 WARN  [o.a.p.p.f.PDSimpleFont] No Unicode mapping for G08 (8) in font HBKIAM+MSTT317d1e9ba4o127042S00
18:34:49,508 WARN  [o.a.p.p.f.PDSimpleFont] No Unicode mapping for G09 (9) in font HBKIAM+MSTT317d1e9ba4o127042S00
18:34:49,508 WARN  [o.a.p.p.f.PDSimpleFont] No Unicode mapping for G0A (10) in font HBKIAM+MSTT317d1e9ba4o127042S00
18:34:49,508 WARN  [o.a.p.p.f.PDSimpleFont] No Unicode mapping for G0B (11) in font HBKIAM+MSTT317d1e9ba4o127042S00
18:34:49,508 WARN  [o.a.p.p.f.PDSimpleFont] No Unicode mapping for G0C (12) in font HBKIAM+MSTT317d1e9ba4o127042S00
18:34:49,508 WARN  [o.a.p.p.f.PDSimpleFont] No Unicode mapping for G0D (13) in font HBKIAM+MSTT317d1e9ba4o127042S00
18:34:49,508 WARN  [o.a.p.p.f.PDSimpleFont] No Unicode mapping for G0E (14) in font HBKIAM+MSTT317d1e9ba4o127042S00
18:34:49,509 WARN  [o.a.p.p.f.PDSimpleFont] No Unicode mapping for G0F (15) in font HBKIAM+MSTT317d1e9ba4o127042S00
18:34:49,509 WARN  [o.a.p.p.f.PDSimpleFont] No Unicode mapping for G10 (16) in font HBKIAM+MSTT317d1e9ba4o127042S00
18:34:49,509 WARN  [o.a.p.p.f.PDSimpleFont] No Unicode mapping for G11 (17) in font HBKIAM+MSTT317d1e9ba4o127042S00
18:34:49,509 WARN  [o.a.p.p.f.PDSimpleFont] No Unicode mapping for G12 (18) in font HBKIAM+MSTT317d1e9ba4o127042S00
18:34:49,509 WARN  [o.a.p.p.f.PDSimpleFont] No Unicode mapping for G13 (19) in font HBKIAM+MSTT317d1e9ba4o127042S00
18:34:49,509 WARN  [o.a.p.p.f.PDSimpleFont] No Unicode mapping for G14 (20) in font HBKIAM+MSTT317d1e9ba4o127042S00
18:34:49,509 WARN  [o.a.p.p.f.PDSimpleFont] No Unicode mapping for G15 (21) in font HBKIAM+MSTT317d1e9ba4o127042S00
18:34:49,509 WARN  [o.a.p.p.f.PDSimpleFont] No Unicode mapping for G16 (22) in font HBKIAM+MSTT317d1e9ba4o127042S00
18:34:49,509 WARN  [o.a.p.p.f.PDSimpleFont] No Unicode mapping for G17 (23) in font HBKIAM+MSTT317d1e9ba4o127042S00
18:34:49,509 WARN  [o.a.p.p.f.PDSimpleFont] No Unicode mapping for G18 (24) in font HBKIAM+MSTT317d1e9ba4o127042S00
18:34:49,509 WARN  [o.a.p.p.f.PDSimpleFont] No Unicode mapping for G19 (25) in font HBKIAM+MSTT317d1e9ba4o127042S00
18:34:49,510 WARN  [o.a.p.p.f.PDSimpleFont] No Unicode mapping for G1A (26) in font HBKIAM+MSTT317d1e9ba4o127042S00
18:34:49,510 WARN  [o.a.p.p.f.PDSimpleFont] No Unicode mapping for G1B (27) in font HBKIAM+MSTT317d1e9ba4o127042S00
18:34:49,510 WARN  [o.a.p.p.f.PDSimpleFont] No Unicode mapping for G1C (28) in font HBKIAM+MSTT317d1e9ba4o127042S00
18:34:49,510 WARN  [o.a.p.p.f.PDSimpleFont] No Unicode mapping for G1D (29) in font HBKIAM+MSTT317d1e9ba4o127042S00
18:34:49,510 WARN  [o.a.p.p.f.PDSimpleFont] No Unicode mapping for G1E (30) in font HBKIAM+MSTT317d1e9ba4o127042S00
18:34:49,510 WARN  [o.a.p.p.f.PDSimpleFont] No Unicode mapping for G1F (31) in font HBKIAM+MSTT317d1e9ba4o127042S00
18:34:49,510 WARN  [o.a.p.p.f.PDSimpleFont] No Unicode mapping for G20 (32) in font HBKIAM+MSTT317d1e9ba4o127042S00
18:34:49,510 WARN  [o.a.p.p.f.PDSimpleFont] No Unicode mapping for G21 (33) in font HBKIAM+MSTT317d1e9ba4o127042S00
18:34:49,510 WARN  [o.a.p.p.f.PDSimpleFont] No Unicode mapping for G22 (34) in font HBKIAM+MSTT317d1e9ba4o127042S00
18:34:49,510 WARN  [o.a.p.p.f.PDSimpleFont] No Unicode mapping for G23 (35) in font HBKIAM+MSTT317d1e9ba4o127042S00
18:34:49,510 WARN  [o.a.p.p.f.PDSimpleFont] No Unicode mapping for G24 (36) in font HBKIAM+MSTT317d1e9ba4o127042S00
18:34:49,510 WARN  [o.a.p.p.f.PDSimpleFont] No Unicode mapping for G25 (37) in font HBKIAM+MSTT317d1e9ba4o127042S00
18:34:49,510 WARN  [o.a.p.p.f.PDSimpleFont] No Unicode mapping for G26 (38) in font HBKIAM+MSTT317d1e9ba4o127042S00
18:34:49,510 WARN  [o.a.p.p.f.PDSimpleFont] No Unicode mapping for G27 (39) in font HBKIAM+MSTT317d1e9ba4o127042S00
18:34:49,510 WARN  [o.a.p.p.f.PDSimpleFont] No Unicode mapping for G28 (40) in font HBKIAM+MSTT317d1e9ba4o127042S00
18:34:49,510 WARN  [o.a.p.p.f.PDSimpleFont] No Unicode mapping for G29 (41) in font HBKIAM+MSTT317d1e9ba4o127042S00
18:34:49,511 WARN  [o.a.p.p.f.PDSimpleFont] No Unicode mapping for G01 (1) in font HBKIFA+MSTT31f4c52cfo148051S00
18:34:49,511 WARN  [o.a.p.p.f.PDSimpleFont] No Unicode mapping for G02 (2) in font HBKIFA+MSTT31f4c52cfo148051S00
18:34:49,511 WARN  [o.a.p.p.f.PDSimpleFont] No Unicode mapping for G03 (3) in font HBKIFA+MSTT31f4c52cfo148051S00
18:34:49,511 WARN  [o.a.p.p.f.PDSimpleFont] No Unicode mapping for G04 (4) in font HBKIFA+MSTT31f4c52cfo148051S00
18:34:49,511 WARN  [o.a.p.p.f.PDSimpleFont] No Unicode mapping for G05 (5) in font HBKIFA+MSTT31f4c52cfo148051S00
18:34:49,511 WARN  [o.a.p.p.f.PDSimpleFont] No Unicode mapping for G06 (6) in font HBKIFA+MSTT31f4c52cfo148051S00
18:34:49,511 WARN  [o.a.p.p.f.PDSimpleFont] No Unicode mapping for G02 (2) in font HBKEMD+MSTT317d1e9ba4o105035S00
18:34:49,511 WARN  [o.a.p.p.f.PDSimpleFont] No Unicode mapping for G03 (3) in font HBKEMD+MSTT317d1e9ba4o105035S00
18:34:49,511 WARN  [o.a.p.p.f.PDSimpleFont] No Unicode mapping for G04 (4) in font HBKEMD+MSTT317d1e9ba4o105035S00
18:34:49,511 WARN  [o.a.p.p.f.PDSimpleFont] No Unicode mapping for G05 (5) in font HBKEMD+MSTT317d1e9ba4o105035S00
18:34:49,511 WARN  [o.a.p.p.f.PDSimpleFont] No Unicode mapping for G06 (6) in font HBKEMD+MSTT317d1e9ba4o105035S00
18:34:49,511 WARN  [o.a.p.p.f.PDSimpleFont] No Unicode mapping for G07 (7) in font HBKEMD+MSTT317d1e9ba4o105035S00
18:34:49,511 WARN  [o.a.p.p.f.PDSimpleFont] No Unicode mapping for G08 (8) in font HBKEMD+MSTT317d1e9ba4o105035S00
18:34:49,511 WARN  [o.a.p.p.f.PDSimpleFont] No Unicode mapping for G09 (9) in font HBKEMD+MSTT317d1e9ba4o105035S00
18:34:49,511 WARN  [o.a.p.p.f.PDSimpleFont] No Unicode mapping for G0A (10) in font HBKEMD+MSTT317d1e9ba4o105035S00
18:34:49,511 WARN  [o.a.p.p.f.PDSimpleFont] No Unicode mapping for G0B (11) in font HBKEMD+MSTT317d1e9ba4o105035S00
18:34:49,512 WARN  [o.a.p.p.f.PDSimpleFont] No Unicode mapping for G0C (12) in font HBKEMD+MSTT317d1e9ba4o105035S00
18:34:49,512 WARN  [o.a.p.p.f.PDSimpleFont] No Unicode mapping for G0D (13) in font HBKEMD+MSTT317d1e9ba4o105035S00
18:34:49,512 WARN  [o.a.p.p.f.PDSimpleFont] No Unicode mapping for G0E (14) in font HBKEMD+MSTT317d1e9ba4o105035S00
18:34:49,512 WARN  [o.a.p.p.f.PDSimpleFont] No Unicode mapping for G0F (15) in font HBKEMD+MSTT317d1e9ba4o105035S00
18:34:49,512 WARN  [o.a.p.p.f.PDSimpleFont] No Unicode mapping for G10 (16) in font HBKEMD+MSTT317d1e9ba4o105035S00
18:34:49,512 WARN  [o.a.p.p.f.PDSimpleFont] No Unicode mapping for G11 (17) in font HBKEMD+MSTT317d1e9ba4o105035S00
18:34:49,512 WARN  [o.a.p.p.f.PDSimpleFont] No Unicode mapping for G12 (18) in font HBKEMD+MSTT317d1e9ba4o105035S00
18:34:49,512 WARN  [o.a.p.p.f.PDSimpleFont] No Unicode mapping for G13 (19) in font HBKEMD+MSTT317d1e9ba4o105035S00
18:34:49,512 WARN  [o.a.p.p.f.PDSimpleFont] No Unicode mapping for G14 (20) in font HBKEMD+MSTT317d1e9ba4o105035S00
18:34:49,512 WARN  [o.a.p.p.f.PDSimpleFont] No Unicode mapping for G15 (21) in font HBKEMD+MSTT317d1e9ba4o105035S00
18:34:49,512 WARN  [o.a.p.p.f.PDSimpleFont] No Unicode mapping for G16 (22) in font HBKEMD+MSTT317d1e9ba4o105035S00
18:34:49,512 WARN  [o.a.p.p.f.PDSimpleFont] No Unicode mapping for G17 (23) in font HBKEMD+MSTT317d1e9ba4o105035S00
18:34:49,512 WARN  [o.a.p.p.f.PDSimpleFont] No Unicode mapping for G18 (24) in font HBKEMD+MSTT317d1e9ba4o105035S00
18:34:49,512 WARN  [o.a.p.p.f.PDSimpleFont] No Unicode mapping for G19 (25) in font HBKEMD+MSTT317d1e9ba4o105035S00
18:34:49,512 WARN  [o.a.p.p.f.PDSimpleFont] No Unicode mapping for G1A (26) in font HBKEMD+MSTT317d1e9ba4o105035S00
18:34:49,512 WARN  [o.a.p.p.f.PDSimpleFont] No Unicode mapping for G1B (27) in font HBKEMD+MSTT317d1e9ba4o105035S00
18:34:49,512 WARN  [o.a.p.p.f.PDSimpleFont] No Unicode mapping for G1C (28) in font HBKEMD+MSTT317d1e9ba4o105035S00
18:34:49,512 WARN  [o.a.p.p.f.PDSimpleFont] No Unicode mapping for G1D (29) in font HBKEMD+MSTT317d1e9ba4o105035S00
18:34:49,513 WARN  [o.a.p.p.f.PDSimpleFont] No Unicode mapping for G1E (30) in font HBKEMD+MSTT317d1e9ba4o105035S00
18:34:49,513 WARN  [o.a.p.p.f.PDSimpleFont] No Unicode mapping for G1F (31) in font HBKEMD+MSTT317d1e9ba4o105035S00
18:34:49,513 WARN  [o.a.p.p.f.PDSimpleFont] No Unicode mapping for G20 (32) in font HBKEMD+MSTT317d1e9ba4o105035S00
18:34:49,513 WARN  [o.a.p.p.f.PDSimpleFont] No Unicode mapping for G21 (33) in font HBKEMD+MSTT317d1e9ba4o105035S00
18:34:49,513 WARN  [o.a.p.p.f.PDSimpleFont] No Unicode mapping for G22 (34) in font HBKEMD+MSTT317d1e9ba4o105035S00
18:34:49,513 WARN  [o.a.p.p.f.PDSimpleFont] No Unicode mapping for G23 (35) in font HBKEMD+MSTT317d1e9ba4o105035S00
18:34:49,513 WARN  [o.a.p.p.f.PDSimpleFont] No Unicode mapping for G24 (36) in font HBKEMD+MSTT317d1e9ba4o105035S00
18:34:49,513 WARN  [o.a.p.p.f.PDSimpleFont] No Unicode mapping for G25 (37) in font HBKEMD+MSTT317d1e9ba4o105035S00
18:34:49,513 WARN  [o.a.p.p.f.PDSimpleFont] No Unicode mapping for G26 (38) in font HBKEMD+MSTT317d1e9ba4o105035S00
18:34:49,514 WARN  [o.a.p.p.f.PDSimpleFont] No Unicode mapping for G27 (39) in font HBKEMD+MSTT317d1e9ba4o105035S00
18:34:49,514 WARN  [o.a.p.p.f.PDSimpleFont] No Unicode mapping for G28 (40) in font HBKEMD+MSTT317d1e9ba4o105035S00
18:34:49,514 WARN  [o.a.p.p.f.PDSimpleFont] No Unicode mapping for G29 (41) in font HBKEMD+MSTT317d1e9ba4o105035S00
18:34:49,514 WARN  [o.a.p.p.f.PDSimpleFont] No Unicode mapping for G2A (42) in font HBKEMD+MSTT317d1e9ba4o105035S00
18:34:49,514 WARN  [o.a.p.p.f.PDSimpleFont] No Unicode mapping for G2B (43) in font HBKEMD+MSTT317d1e9ba4o105035S00
18:34:49,514 WARN  [o.a.p.p.f.PDSimpleFont] No Unicode mapping for G2C (44) in font HBKEMD+MSTT317d1e9ba4o105035S00
18:34:49,514 WARN  [o.a.p.p.f.PDSimpleFont] No Unicode mapping for G2D (45) in font HBKEMD+MSTT317d1e9ba4o105035S00
18:34:49,514 WARN  [o.a.p.p.f.PDSimpleFont] No Unicode mapping for G2E (46) in font HBKEMD+MSTT317d1e9ba4o105035S00
18:34:49,515 WARN  [o.a.p.p.f.PDSimpleFont] No Unicode mapping for G2F (47) in font HBKEMD+MSTT317d1e9ba4o105035S00
18:34:49,515 WARN  [o.a.p.p.f.PDSimpleFont] No Unicode mapping for G30 (48) in font HBKEMD+MSTT317d1e9ba4o105035S00
18:34:49,515 WARN  [o.a.p.p.f.PDSimpleFont] No Unicode mapping for G31 (49) in font HBKEMD+MSTT317d1e9ba4o105035S00
18:34:49,515 WARN  [o.a.p.p.f.PDSimpleFont] No Unicode mapping for G32 (50) in font HBKEMD+MSTT317d1e9ba4o105035S00
18:34:49,515 WARN  [o.a.p.p.f.PDSimpleFont] No Unicode mapping for G33 (51) in font HBKEMD+MSTT317d1e9ba4o105035S00
18:34:49,515 WARN  [o.a.p.p.f.PDSimpleFont] No Unicode mapping for G0B (11) in font HBKGIO+MSTT31f4c52cfo105036S00
18:34:49,515 WARN  [o.a.p.p.f.PDSimpleFont] No Unicode mapping for G0C (12) in font HBKGIO+MSTT31f4c52cfo105036S00
18:34:49,515 WARN  [o.a.p.p.f.PDSimpleFont] No Unicode mapping for G0D (13) in font HBKGIO+MSTT31f4c52cfo105036S00
18:34:49,515 WARN  [o.a.p.p.f.PDSimpleFont] No Unicode mapping for G0E (14) in font HBKGIO+MSTT31f4c52cfo105036S00
18:34:49,515 WARN  [o.a.p.p.f.PDSimpleFont] No Unicode mapping for G0F (15) in font HBKGIO+MSTT31f4c52cfo105036S00
18:34:49,516 WARN  [o.a.p.p.f.PDSimpleFont] No Unicode mapping for G10 (16) in font HBKGIO+MSTT31f4c52cfo105036S00
18:34:49,516 WARN  [o.a.p.p.f.PDSimpleFont] No Unicode mapping for G11 (17) in font HBKGIO+MSTT31f4c52cfo105036S00
18:34:49,516 WARN  [o.a.p.p.f.PDSimpleFont] No Unicode mapping for G12 (18) in font HBKGIO+MSTT31f4c52cfo105036S00
18:34:49,516 WARN  [o.a.p.p.f.PDSimpleFont] No Unicode mapping for G13 (19) in font HBKGIO+MSTT31f4c52cfo105036S00
18:34:49,516 WARN  [o.a.p.p.f.PDSimpleFont] No Unicode mapping for G14 (20) in font HBKGIO+MSTT31f4c52cfo105036S00
18:34:49,516 WARN  [o.a.p.p.f.PDSimpleFont] No Unicode mapping for G15 (21) in font HBKGIO+MSTT31f4c52cfo105036S00
18:34:49,517 WARN  [o.a.p.p.f.PDSimpleFont] No Unicode mapping for G0B (11) in font HBKHNA+MSTT317d1e9ba4o117039S00
18:34:49,517 WARN  [o.a.p.p.f.PDSimpleFont] No Unicode mapping for G0C (12) in font HBKHNA+MSTT317d1e9ba4o117039S00
18:34:49,517 WARN  [o.a.p.p.f.PDSimpleFont] No Unicode mapping for G0D (13) in font HBKHNA+MSTT317d1e9ba4o117039S00
18:34:49,517 WARN  [o.a.p.p.f.PDSimpleFont] No Unicode mapping for G0E (14) in font HBKHNA+MSTT317d1e9ba4o117039S00
18:34:49,517 WARN  [o.a.p.p.f.PDSimpleFont] No Unicode mapping for G0F (15) in font HBKHNA+MSTT317d1e9ba4o117039S00
18:34:49,517 WARN  [o.a.p.p.f.PDSimpleFont] No Unicode mapping for G10 (16) in font HBKHNA+MSTT317d1e9ba4o117039S00
18:34:49,517 WARN  [o.a.p.p.f.PDSimpleFont] No Unicode mapping for G11 (17) in font HBKHNA+MSTT317d1e9ba4o117039S00
18:34:49,517 WARN  [o.a.p.p.f.PDSimpleFont] No Unicode mapping for G12 (18) in font HBKHNA+MSTT317d1e9ba4o117039S00
18:34:49,517 WARN  [o.a.p.p.f.PDSimpleFont] No Unicode mapping for G13 (19) in font HBKHNA+MSTT317d1e9ba4o117039S00
18:34:49,517 WARN  [o.a.p.p.f.PDSimpleFont] No Unicode mapping for G14 (20) in font HBKHNA+MSTT317d1e9ba4o117039S00
18:34:49,517 WARN  [o.a.p.p.f.PDSimpleFont] No Unicode mapping for G01 (1) in font HBKKCG+MSTT31f4c52cfo168058S00
18:34:49,518 WARN  [o.a.p.p.f.PDSimpleFont] No Unicode mapping for G02 (2) in font HBKKCG+MSTT31f4c52cfo168058S00
18:34:49,518 WARN  [o.a.p.p.f.PDSimpleFont] No Unicode mapping for G03 (3) in font HBKKCG+MSTT31f4c52cfo168058S00
18:34:49,518 WARN  [o.a.p.p.f.PDSimpleFont] No Unicode mapping for G04 (4) in font HBKKCG+MSTT31f4c52cfo168058S00
18:34:49,518 WARN  [o.a.p.p.f.PDSimpleFont] No Unicode mapping for G05 (5) in font HBKKCG+MSTT31f4c52cfo168058S00
18:34:49,518 WARN  [o.a.p.p.f.PDSimpleFont] No Unicode mapping for G06 (6) in font HBKKCG+MSTT31f4c52cfo168058S00
18:34:49,518 WARN  [o.a.p.p.f.PDSimpleFont] No Unicode mapping for G01 (1) in font HBKKDE+MSTT31f4c52cfo116040S00
18:34:49,518 WARN  [o.a.p.p.f.PDSimpleFont] No Unicode mapping for G02 (2) in font HBKKDE+MSTT31f4c52cfo116040S00
18:34:49,518 WARN  [o.a.p.p.f.PDSimpleFont] No Unicode mapping for G03 (3) in font HBKKDE+MSTT31f4c52cfo116040S00
18:34:49,518 WARN  [o.a.p.p.f.PDSimpleFont] No Unicode mapping for G04 (4) in font HBKKDE+MSTT31f4c52cfo116040S00
18:34:49,518 WARN  [o.a.p.p.f.PDSimpleFont] No Unicode mapping for G05 (5) in font HBKKDE+MSTT31f4c52cfo116040S00
18:34:49,518 WARN  [o.a.p.p.f.PDSimpleFont] No Unicode mapping for G06 (6) in font HBKKDE+MSTT31f4c52cfo116040S00
18:34:49,518 WARN  [o.a.p.p.f.PDSimpleFont] No Unicode mapping for G07 (7) in font HBKKDE+MSTT31f4c52cfo116040S00
18:34:49,518 WARN  [o.a.p.p.f.PDSimpleFont] No Unicode mapping for G08 (8) in font HBKKDE+MSTT31f4c52cfo116040S00
18:34:49,518 WARN  [o.a.p.p.f.PDSimpleFont] No Unicode mapping for G09 (9) in font HBKKDE+MSTT31f4c52cfo116040S00
18:34:49,518 WARN  [o.a.p.p.f.PDSimpleFont] No Unicode mapping for G0A (10) in font HBKKDE+MSTT31f4c52cfo116040S00
18:34:49,518 WARN  [o.a.p.p.f.PDSimpleFont] No Unicode mapping for G0B (11) in font HBKKDE+MSTT31f4c52cfo116040S00
18:34:49,519 WARN  [o.a.p.p.f.PDSimpleFont] No Unicode mapping for G0C (12) in font HBKKDE+MSTT31f4c52cfo116040S00
18:34:49,519 WARN  [o.a.p.p.f.PDSimpleFont] No Unicode mapping for G0D (13) in font HBKKDE+MSTT31f4c52cfo116040S00
18:34:49,519 WARN  [o.a.p.p.f.PDSimpleFont] No Unicode mapping for G0E (14) in font HBKKDE+MSTT31f4c52cfo116040S00
18:34:49,519 WARN  [o.a.p.p.f.PDSimpleFont] No Unicode mapping for G0F (15) in font HBKKDE+MSTT31f4c52cfo116040S00
18:34:49,519 WARN  [o.a.p.p.f.PDSimpleFont] No Unicode mapping for G15 (21) in font HBKHNA+MSTT317d1e9ba4o117039S00
18:34:49,519 WARN  [o.a.p.p.f.PDSimpleFont] No Unicode mapping for G16 (22) in font HBKHNA+MSTT317d1e9ba4o117039S00
18:34:49,519 WARN  [o.a.p.p.f.PDSimpleFont] No Unicode mapping for G17 (23) in font HBKHNA+MSTT317d1e9ba4o117039S00
18:34:49,519 WARN  [o.a.p.p.f.PDSimpleFont] No Unicode mapping for G18 (24) in font HBKHNA+MSTT317d1e9ba4o117039S00
18:34:49,519 WARN  [o.a.p.p.f.PDSimpleFont] No Unicode mapping for G19 (25) in font HBKHNA+MSTT317d1e9ba4o117039S00
18:34:49,519 WARN  [o.a.p.p.f.PDSimpleFont] No Unicode mapping for G1A (26) in font HBKHNA+MSTT317d1e9ba4o117039S00
18:34:49,519 WARN  [o.a.p.p.f.PDSimpleFont] No Unicode mapping for G1B (27) in font HBKHNA+MSTT317d1e9ba4o117039S00
18:34:49,519 WARN  [o.a.p.p.f.PDSimpleFont] No Unicode mapping for G1C (28) in font HBKHNA+MSTT317d1e9ba4o117039S00
18:34:49,519 WARN  [o.a.p.p.f.PDSimpleFont] No Unicode mapping for G1D (29) in font HBKHNA+MSTT317d1e9ba4o117039S00
18:34:49,519 WARN  [o.a.p.p.f.PDSimpleFont] No Unicode mapping for G1E (30) in font HBKHNA+MSTT317d1e9ba4o117039S00
18:34:49,519 WARN  [o.a.p.p.f.PDSimpleFont] No Unicode mapping for G1F (31) in font HBKHNA+MSTT317d1e9ba4o117039S00
18:34:49,519 WARN  [o.a.p.p.f.PDSimpleFont] No Unicode mapping for G20 (32) in font HBKHNA+MSTT317d1e9ba4o117039S00
18:34:49,519 WARN  [o.a.p.p.f.PDSimpleFont] No Unicode mapping for G21 (33) in font HBKHNA+MSTT317d1e9ba4o117039S00
18:34:49,519 WARN  [o.a.p.p.f.PDSimpleFont] No Unicode mapping for G22 (34) in font HBKHNA+MSTT317d1e9ba4o117039S00
18:34:49,520 WARN  [o.a.p.p.f.PDSimpleFont] No Unicode mapping for G10 (16) in font HBKKDE+MSTT31f4c52cfo116040S00
18:34:49,520 WARN  [o.a.p.p.f.PDSimpleFont] No Unicode mapping for G11 (17) in font HBKKDE+MSTT31f4c52cfo116040S00
18:34:49,520 WARN  [o.a.p.p.f.PDSimpleFont] No Unicode mapping for G12 (18) in font HBKKDE+MSTT31f4c52cfo116040S00
18:34:49,520 WARN  [o.a.p.p.f.PDSimpleFont] No Unicode mapping for G13 (19) in font HBKKDE+MSTT31f4c52cfo116040S00
18:34:49,520 WARN  [o.a.p.p.f.PDSimpleFont] No Unicode mapping for G14 (20) in font HBKKDE+MSTT31f4c52cfo116040S00
18:34:49,520 WARN  [o.a.p.p.f.PDSimpleFont] No Unicode mapping for G15 (21) in font HBKKDE+MSTT31f4c52cfo116040S00
18:34:49,520 WARN  [o.a.p.p.f.PDSimpleFont] No Unicode mapping for G16 (22) in font HBKKDE+MSTT31f4c52cfo116040S00
18:34:49,520 WARN  [o.a.p.p.f.PDSimpleFont] No Unicode mapping for G17 (23) in font HBKKDE+MSTT31f4c52cfo116040S00
18:34:49,520 WARN  [o.a.p.p.f.PDSimpleFont] No Unicode mapping for G18 (24) in font HBKKDE+MSTT31f4c52cfo116040S00
18:34:49,520 WARN  [o.a.p.p.f.PDSimpleFont] No Unicode mapping for G19 (25) in font HBKKDE+MSTT31f4c52cfo116040S00
18:34:49,520 WARN  [o.a.p.p.f.PDSimpleFont] No Unicode mapping for G1A (26) in font HBKKDE+MSTT31f4c52cfo116040S00
18:34:49,520 WARN  [o.a.p.p.f.PDSimpleFont] No Unicode mapping for G23 (35) in font HBKHNA+MSTT317d1e9ba4o117039S00
18:34:49,520 WARN  [o.a.p.p.f.PDSimpleFont] No Unicode mapping for G24 (36) in font HBKHNA+MSTT317d1e9ba4o117039S00
18:34:49,520 WARN  [o.a.p.p.f.PDSimpleFont] No Unicode mapping for G25 (37) in font HBKHNA+MSTT317d1e9ba4o117039S00
18:34:49,520 WARN  [o.a.p.p.f.PDSimpleFont] No Unicode mapping for G26 (38) in font HBKHNA+MSTT317d1e9ba4o117039S00
18:34:49,520 WARN  [o.a.p.p.f.PDSimpleFont] No Unicode mapping for G27 (39) in font HBKHNA+MSTT317d1e9ba4o117039S00
18:34:49,520 WARN  [o.a.p.p.f.PDSimpleFont] No Unicode mapping for G28 (40) in font HBKHNA+MSTT317d1e9ba4o117039S00
18:34:49,521 WARN  [o.a.p.p.f.PDSimpleFont] No Unicode mapping for G29 (41) in font HBKHNA+MSTT317d1e9ba4o117039S00
18:34:49,521 WARN  [o.a.p.p.f.PDSimpleFont] No Unicode mapping for G2A (42) in font HBKHNA+MSTT317d1e9ba4o117039S00
18:34:49,521 WARN  [o.a.p.p.f.PDSimpleFont] No Unicode mapping for G1B (27) in font HBKKDE+MSTT31f4c52cfo116040S00
18:34:49,521 WARN  [o.a.p.p.f.PDSimpleFont] No Unicode mapping for G1C (28) in font HBKKDE+MSTT31f4c52cfo116040S00
18:34:49,521 WARN  [o.a.p.p.f.PDSimpleFont] No Unicode mapping for G1D (29) in font HBKKDE+MSTT31f4c52cfo116040S00
18:34:49,521 WARN  [o.a.p.p.f.PDSimpleFont] No Unicode mapping for G1E (30) in font HBKKDE+MSTT31f4c52cfo116040S00
18:34:49,521 WARN  [o.a.p.p.f.PDSimpleFont] No Unicode mapping for G1F (31) in font HBKKDE+MSTT31f4c52cfo116040S00
18:34:49,521 WARN  [o.a.p.p.f.PDSimpleFont] No Unicode mapping for G2B (43) in font HBKHNA+MSTT317d1e9ba4o117039S00
18:34:49,521 WARN  [o.a.p.p.f.PDSimpleFont] No Unicode mapping for G2C (44) in font HBKHNA+MSTT317d1e9ba4o117039S00
18:34:49,521 WARN  [o.a.p.p.f.PDSimpleFont] No Unicode mapping for G2D (45) in font HBKHNA+MSTT317d1e9ba4o117039S00
18:34:49,521 WARN  [o.a.p.p.f.PDSimpleFont] No Unicode mapping for G2E (46) in font HBKHNA+MSTT317d1e9ba4o117039S00
18:34:49,521 WARN  [o.a.p.p.f.PDSimpleFont] No Unicode mapping for G2F (47) in font HBKHNA+MSTT317d1e9ba4o117039S00
18:34:49,521 WARN  [o.a.p.p.f.PDSimpleFont] No Unicode mapping for G20 (32) in font HBKKDE+MSTT31f4c52cfo116040S00
18:34:49,521 WARN  [o.a.p.p.f.PDSimpleFont] No Unicode mapping for G21 (33) in font HBKKDE+MSTT31f4c52cfo116040S00
18:34:49,522 WARN  [o.a.p.p.f.PDSimpleFont] No Unicode mapping for G30 (48) in font HBKHNA+MSTT317d1e9ba4o117039S00
18:34:49,522 WARN  [o.a.p.p.f.PDSimpleFont] No Unicode mapping for G31 (49) in font HBKHNA+MSTT317d1e9ba4o117039S00
18:34:49,522 WARN  [o.a.p.p.f.PDSimpleFont] No Unicode mapping for G32 (50) in font HBKHNA+MSTT317d1e9ba4o117039S00
18:34:49,522 WARN  [o.a.p.p.f.PDSimpleFont] No Unicode mapping for G22 (34) in font HBKKDE+MSTT31f4c52cfo116040S00
18:34:49,522 WARN  [o.a.p.p.f.PDSimpleFont] No Unicode mapping for G23 (35) in font HBKKDE+MSTT31f4c52cfo116040S00
18:34:49,522 WARN  [o.a.p.p.f.PDSimpleFont] No Unicode mapping for G33 (51) in font HBKHNA+MSTT317d1e9ba4o117039S00
18:34:49,522 WARN  [o.a.p.p.f.PDSimpleFont] No Unicode mapping for G24 (36) in font HBKKDE+MSTT31f4c52cfo116040S00
18:34:49,522 WARN  [o.a.p.p.f.PDSimpleFont] No Unicode mapping for G07 (7) in font HBKKCG+MSTT31f4c52cfo168058S00
18:34:49,522 WARN  [o.a.p.p.f.PDSimpleFont] No Unicode mapping for G08 (8) in font HBKKCG+MSTT31f4c52cfo168058S00
18:34:49,523 WARN  [o.a.p.p.f.PDSimpleFont] No Unicode mapping for G09 (9) in font HBKKCG+MSTT31f4c52cfo168058S00
18:34:49,523 WARN  [o.a.p.p.f.PDSimpleFont] No Unicode mapping for G0A (10) in font HBKKCG+MSTT31f4c52cfo168058S00
18:34:49,523 WARN  [o.a.p.p.f.PDSimpleFont] No Unicode mapping for G0B (11) in font HBKKCG+MSTT31f4c52cfo168058S00
18:34:49,523 WARN  [o.a.p.p.f.PDSimpleFont] No Unicode mapping for G34 (52) in font HBKHNA+MSTT317d1e9ba4o117039S00
18:34:49,523 WARN  [o.a.p.p.f.PDSimpleFont] No Unicode mapping for G35 (53) in font HBKHNA+MSTT317d1e9ba4o117039S00
18:34:49,523 WARN  [o.a.p.p.f.PDSimpleFont] No Unicode mapping for G36 (54) in font HBKHNA+MSTT317d1e9ba4o117039S00
18:34:49,523 WARN  [o.a.p.p.f.PDSimpleFont] No Unicode mapping for G37 (55) in font HBKHNA+MSTT317d1e9ba4o117039S00
18:34:49,523 WARN  [o.a.p.p.f.PDSimpleFont] No Unicode mapping for G38 (56) in font HBKHNA+MSTT317d1e9ba4o117039S00
18:34:49,524 WARN  [o.a.p.p.f.PDSimpleFont] No Unicode mapping for G07 (7) in font HBKIFA+MSTT31f4c52cfo148051S00
18:34:49,524 WARN  [o.a.p.p.f.PDSimpleFont] No Unicode mapping for G08 (8) in font HBKIFA+MSTT31f4c52cfo148051S00
18:34:49,524 WARN  [o.a.p.p.f.PDSimpleFont] No Unicode mapping for G09 (9) in font HBKIFA+MSTT31f4c52cfo148051S00
18:34:49,524 WARN  [o.a.p.p.f.PDSimpleFont] No Unicode mapping for G0A (10) in font HBKIFA+MSTT31f4c52cfo148051S00
18:34:49,524 WARN  [o.a.p.p.f.PDSimpleFont] No Unicode mapping for G0B (11) in font HBKIFA+MSTT31f4c52cfo148051S00
18:34:49,524 WARN  [o.a.p.p.f.PDSimpleFont] No Unicode mapping for G0C (12) in font HBKIFA+MSTT31f4c52cfo148051S00
18:34:49,524 WARN  [o.a.p.p.f.PDSimpleFont] No Unicode mapping for G0D (13) in font HBKIFA+MSTT31f4c52cfo148051S00
18:34:49,524 WARN  [o.a.p.p.f.PDSimpleFont] No Unicode mapping for G0E (14) in font HBKIFA+MSTT31f4c52cfo148051S00
18:34:49,524 WARN  [o.a.p.p.f.PDSimpleFont] No Unicode mapping for G0F (15) in font HBKIFA+MSTT31f4c52cfo148051S00
18:34:49,524 WARN  [o.a.p.p.f.PDSimpleFont] No Unicode mapping for G34 (52) in font HBKEMD+MSTT317d1e9ba4o105035S00
18:34:49,524 WARN  [o.a.p.p.f.PDSimpleFont] No Unicode mapping for G35 (53) in font HBKEMD+MSTT317d1e9ba4o105035S00
18:34:49,525 WARN  [o.a.p.p.f.PDSimpleFont] No Unicode mapping for G01 (1) in font HBKMLM+MSTT31f4c52cfo131045S00
18:34:49,525 WARN  [o.a.p.p.f.PDSimpleFont] No Unicode mapping for G02 (2) in font HBKMLM+MSTT31f4c52cfo131045S00
18:34:49,525 WARN  [o.a.p.p.f.PDSimpleFont] No Unicode mapping for G03 (3) in font HBKMLM+MSTT31f4c52cfo131045S00
18:34:49,525 WARN  [o.a.p.p.f.PDSimpleFont] No Unicode mapping for G04 (4) in font HBKMLM+MSTT31f4c52cfo131045S00
18:34:49,525 WARN  [o.a.p.p.f.PDSimpleFont] No Unicode mapping for G05 (5) in font HBKMLM+MSTT31f4c52cfo131045S00
18:34:49,525 WARN  [o.a.p.p.f.PDSimpleFont] No Unicode mapping for G06 (6) in font HBKMLM+MSTT31f4c52cfo131045S00
18:34:49,525 WARN  [o.a.p.p.f.PDSimpleFont] No Unicode mapping for G07 (7) in font HBKMLM+MSTT31f4c52cfo131045S00
18:34:49,525 WARN  [o.a.p.p.f.PDSimpleFont] No Unicode mapping for G08 (8) in font HBKMLM+MSTT31f4c52cfo131045S00
18:34:49,525 WARN  [o.a.p.p.f.PDSimpleFont] No Unicode mapping for G09 (9) in font HBKMLM+MSTT31f4c52cfo131045S00
18:34:49,526 WARN  [o.a.p.p.f.PDSimpleFont] No Unicode mapping for G0A (10) in font HBKMLM+MSTT31f4c52cfo131045S00
18:34:49,526 WARN  [o.a.p.p.f.PDSimpleFont] No Unicode mapping for G0B (11) in font HBKMLM+MSTT31f4c52cfo131045S00
18:34:49,526 WARN  [o.a.p.p.f.PDSimpleFont] No Unicode mapping for G0C (12) in font HBKMLM+MSTT31f4c52cfo131045S00
18:34:49,526 WARN  [o.a.p.p.f.PDSimpleFont] No Unicode mapping for G0D (13) in font HBKMLM+MSTT31f4c52cfo131045S00
18:34:49,526 WARN  [o.a.p.p.f.PDSimpleFont] No Unicode mapping for G36 (54) in font HBKEMD+MSTT317d1e9ba4o105035S00
18:34:49,526 WARN  [o.a.p.p.f.PDSimpleFont] No Unicode mapping for G01 (1) in font HBKMOI+MSTT3129563c50o101048S00
18:34:49,526 WARN  [o.a.p.p.f.PDSimpleFont] No Unicode mapping for G02 (2) in font HBKMOI+MSTT3129563c50o101048S00
18:34:49,526 WARN  [o.a.p.p.f.PDSimpleFont] No Unicode mapping for G37 (55) in font HBKEMD+MSTT317d1e9ba4o105035S00
18:34:49,526 WARN  [o.a.p.p.f.PDSimpleFont] No Unicode mapping for G38 (56) in font HBKEMD+MSTT317d1e9ba4o105035S00
18:34:49,526 WARN  [o.a.p.p.f.PDSimpleFont] No Unicode mapping for G39 (57) in font HBKEMD+MSTT317d1e9ba4o105035S00
18:34:49,526 WARN  [o.a.p.p.f.PDSimpleFont] No Unicode mapping for G3A (58) in font HBKEMD+MSTT317d1e9ba4o105035S00
18:34:49,526 WARN  [o.a.p.p.f.PDSimpleFont] No Unicode mapping for G3B (59) in font HBKEMD+MSTT317d1e9ba4o105035S00
18:34:49,526 WARN  [o.a.p.p.f.PDSimpleFont] No Unicode mapping for G3C (60) in font HBKEMD+MSTT317d1e9ba4o105035S00
18:34:49,527 WARN  [o.a.p.p.f.PDSimpleFont] No Unicode mapping for G03 (3) in font HBKMOI+MSTT3129563c50o101048S00
18:34:49,527 WARN  [o.a.p.p.f.PDSimpleFont] No Unicode mapping for G0E (14) in font HBKMLM+MSTT31f4c52cfo131045S00
18:34:49,527 WARN  [o.a.p.p.f.PDSimpleFont] No Unicode mapping for G0F (15) in font HBKMLM+MSTT31f4c52cfo131045S00
18:34:49,527 WARN  [o.a.p.p.f.PDSimpleFont] No Unicode mapping for G10 (16) in font HBKMLM+MSTT31f4c52cfo131045S00
18:34:49,527 WARN  [o.a.p.p.f.PDSimpleFont] No Unicode mapping for G11 (17) in font HBKMLM+MSTT31f4c52cfo131045S00
18:34:49,527 WARN  [o.a.p.p.f.PDSimpleFont] No Unicode mapping for G12 (18) in font HBKMLM+MSTT31f4c52cfo131045S00
18:34:49,527 WARN  [o.a.p.p.f.PDSimpleFont] No Unicode mapping for G13 (19) in font HBKMLM+MSTT31f4c52cfo131045S00
18:34:49,527 WARN  [o.a.p.p.f.PDSimpleFont] No Unicode mapping for G14 (20) in font HBKMLM+MSTT31f4c52cfo131045S00
18:34:49,527 WARN  [o.a.p.p.f.PDSimpleFont] No Unicode mapping for G3D (61) in font HBKEMD+MSTT317d1e9ba4o105035S00
18:34:49,527 WARN  [o.a.p.p.f.PDSimpleFont] No Unicode mapping for G3E (62) in font HBKEMD+MSTT317d1e9ba4o105035S00
18:34:49,527 WARN  [o.a.p.p.f.PDSimpleFont] No Unicode mapping for G3F (63) in font HBKEMD+MSTT317d1e9ba4o105035S00
18:34:49,527 WARN  [o.a.p.p.f.PDSimpleFont] No Unicode mapping for G40 (64) in font HBKEMD+MSTT317d1e9ba4o105035S00
18:34:49,528 WARN  [o.a.p.p.f.PDSimpleFont] No Unicode mapping for G41 (65) in font HBKEMD+MSTT317d1e9ba4o105035S00
18:34:49,528 WARN  [o.a.p.p.f.PDSimpleFont] No Unicode mapping for G10 (16) in font HBKIFA+MSTT31f4c52cfo148051S00
18:34:49,528 WARN  [o.a.p.p.f.PDSimpleFont] No Unicode mapping for G11 (17) in font HBKIFA+MSTT31f4c52cfo148051S00
18:34:49,528 WARN  [o.a.p.p.f.PDSimpleFont] No Unicode mapping for G12 (18) in font HBKIFA+MSTT31f4c52cfo148051S00
18:34:49,528 WARN  [o.a.p.p.f.PDSimpleFont] No Unicode mapping for G13 (19) in font HBKIFA+MSTT31f4c52cfo148051S00
18:34:49,528 WARN  [o.a.p.p.f.PDSimpleFont] No Unicode mapping for G14 (20) in font HBKIFA+MSTT31f4c52cfo148051S00
18:34:49,528 WARN  [o.a.p.p.f.PDSimpleFont] No Unicode mapping for G15 (21) in font HBKIFA+MSTT31f4c52cfo148051S00
18:34:49,528 WARN  [o.a.p.p.f.PDSimpleFont] No Unicode mapping for G16 (22) in font HBKIFA+MSTT31f4c52cfo148051S00
18:34:49,528 WARN  [o.a.p.p.f.PDSimpleFont] No Unicode mapping for G17 (23) in font HBKIFA+MSTT31f4c52cfo148051S00
18:34:49,528 WARN  [o.a.p.p.f.PDSimpleFont] No Unicode mapping for G18 (24) in font HBKIFA+MSTT31f4c52cfo148051S00
18:34:49,528 WARN  [o.a.p.p.f.PDSimpleFont] No Unicode mapping for G19 (25) in font HBKIFA+MSTT31f4c52cfo148051S00
18:34:49,528 WARN  [o.a.p.p.f.PDSimpleFont] No Unicode mapping for G1A (26) in font HBKIFA+MSTT31f4c52cfo148051S00
18:34:49,528 WARN  [o.a.p.p.f.PDSimpleFont] No Unicode mapping for G15 (21) in font HBKMLM+MSTT31f4c52cfo131045S00
18:34:49,528 WARN  [o.a.p.p.f.PDSimpleFont] No Unicode mapping for G42 (66) in font HBKEMD+MSTT317d1e9ba4o105035S00
18:34:49,529 WARN  [o.a.p.p.f.PDSimpleFont] No Unicode mapping for G43 (67) in font HBKEMD+MSTT317d1e9ba4o105035S00
18:34:49,529 WARN  [o.a.p.p.f.PDSimpleFont] No Unicode mapping for G44 (68) in font HBKEMD+MSTT317d1e9ba4o105035S00
18:34:49,530 WARN  [o.a.p.p.f.PDSimpleFont] No Unicode mapping for G16 (22) in font HBKMLM+MSTT31f4c52cfo131045S00
18:34:49,530 WARN  [o.a.p.p.f.PDSimpleFont] No Unicode mapping for G17 (23) in font HBKMLM+MSTT31f4c52cfo131045S00
18:34:49,530 WARN  [o.a.p.p.f.PDSimpleFont] No Unicode mapping for G18 (24) in font HBKMLM+MSTT31f4c52cfo131045S00
18:34:49,530 WARN  [o.a.p.p.f.PDSimpleFont] No Unicode mapping for G45 (69) in font HBKEMD+MSTT317d1e9ba4o105035S00
18:34:49,531 WARN  [o.a.p.p.f.PDSimpleFont] No Unicode mapping for G19 (25) in font HBKMLM+MSTT31f4c52cfo131045S00
18:34:49,531 WARN  [o.a.p.p.f.PDSimpleFont] No Unicode mapping for G1A (26) in font HBKMLM+MSTT31f4c52cfo131045S00
18:34:49,531 WARN  [o.a.p.p.f.PDSimpleFont] No Unicode mapping for G1B (27) in font HBKMLM+MSTT31f4c52cfo131045S00
18:34:49,531 WARN  [o.a.p.p.f.PDSimpleFont] No Unicode mapping for G1C (28) in font HBKMLM+MSTT31f4c52cfo131045S00
18:34:49,531 WARN  [o.a.p.p.f.PDSimpleFont] No Unicode mapping for G1D (29) in font HBKMLM+MSTT31f4c52cfo131045S00
18:34:49,532 WARN  [o.a.p.p.f.PDSimpleFont] No Unicode mapping for G1E (30) in font HBKMLM+MSTT31f4c52cfo131045S00
18:34:49,532 WARN  [o.a.p.p.f.PDSimpleFont] No Unicode mapping for G46 (70) in font HBKEMD+MSTT317d1e9ba4o105035S00
18:34:49,532 WARN  [o.a.p.p.f.PDSimpleFont] No Unicode mapping for G1B (27) in font HBKIFA+MSTT31f4c52cfo148051S00
18:34:49,532 WARN  [o.a.p.p.f.PDSimpleFont] No Unicode mapping for G1C (28) in font HBKIFA+MSTT31f4c52cfo148051S00
18:34:49,532 WARN  [o.a.p.p.f.PDSimpleFont] No Unicode mapping for G1D (29) in font HBKIFA+MSTT31f4c52cfo148051S00
18:34:49,532 WARN  [o.a.p.p.f.PDSimpleFont] No Unicode mapping for G47 (71) in font HBKEMD+MSTT317d1e9ba4o105035S00
18:34:49,792 WARN  [o.a.p.p.f.PDType0Font] No Unicode mapping for CID+2012 (2012) in font MOOIJI+Cambria
18:34:49,792 WARN  [o.a.p.p.f.PDType0Font] No Unicode mapping for CID+3404 (3404) in font MOOIJI+Cambria
18:34:49,792 WARN  [o.a.p.p.f.PDType0Font] No Unicode mapping for CID+3496 (3496) in font MOOIJI+Cambria
18:34:49,792 WARN  [o.a.p.p.f.PDType0Font] No Unicode mapping for CID+1834 (1834) in font MOOIJI+Cambria
18:34:49,792 WARN  [o.a.p.p.f.PDType0Font] No Unicode mapping for CID+1874 (1874) in font MOOIJI+Cambria
18:34:49,792 WARN  [o.a.p.p.f.PDType0Font] No Unicode mapping for CID+3398 (3398) in font MOOIJI+Cambria
18:34:49,792 WARN  [o.a.p.p.f.PDType0Font] No Unicode mapping for CID+1844 (1844) in font MOOIJI+Cambria
18:34:49,792 WARN  [o.a.p.p.f.PDType0Font] No Unicode mapping for CID+1846 (1846) in font MOOIJI+Cambria
18:34:49,792 WARN  [o.a.p.p.f.PDType0Font] No Unicode mapping for CID+1848 (1848) in font MOOIJI+Cambria
18:34:49,792 WARN  [o.a.p.p.f.PDType0Font] No Unicode mapping for CID+1865 (1865) in font MOOIJI+Cambria
18:34:49,793 WARN  [o.a.p.p.f.PDType0Font] No Unicode mapping for CID+1856 (1856) in font MOOIJI+Cambria
18:34:49,793 WARN  [o.a.p.p.f.PDType0Font] No Unicode mapping for CID+1861 (1861) in font MOOIJI+Cambria
18:34:49,793 WARN  [o.a.p.p.f.PDType0Font] No Unicode mapping for CID+1858 (1858) in font MOOIJI+Cambria
18:34:49,793 WARN  [o.a.p.p.f.PDType0Font] No Unicode mapping for CID+1857 (1857) in font MOOIJI+Cambria
18:34:49,793 WARN  [o.a.p.p.f.PDType0Font] No Unicode mapping for CID+1870 (1870) in font MOOIJI+Cambria
18:34:49,793 WARN  [o.a.p.p.f.PDType0Font] No Unicode mapping for CID+1866 (1866) in font MOOIJI+Cambria
18:34:49,793 WARN  [o.a.p.p.f.PDType0Font] No Unicode mapping for CID+1855 (1855) in font MOOIJI+Cambria
18:34:49,793 WARN  [o.a.p.p.f.PDType0Font] No Unicode mapping for CID+4666 (4666) in font MOOIJI+Cambria
18:34:49,793 WARN  [o.a.p.p.f.PDType0Font] No Unicode mapping for CID+3046 (3046) in font MOOIJI+Cambria
18:34:49,793 WARN  [o.a.p.p.f.PDType0Font] No Unicode mapping for CID+3042 (3042) in font MOOIJI+Cambria
18:34:49,793 WARN  [o.a.p.p.f.PDType0Font] No Unicode mapping for CID+3039 (3039) in font MOOIJI+Cambria
18:34:49,793 WARN  [o.a.p.p.f.PDType0Font] No Unicode mapping for CID+3049 (3049) in font MOOIJI+Cambria
18:34:49,793 WARN  [o.a.p.p.f.PDType0Font] No Unicode mapping for CID+3032 (3032) in font MOOIJI+Cambria
18:34:49,793 WARN  [o.a.p.p.f.PDType0Font] No Unicode mapping for CID+3041 (3041) in font MOOIJI+Cambria
18:34:49,793 WARN  [o.a.p.p.f.PDType0Font] No Unicode mapping for CID+3047 (3047) in font MOOIJI+Cambria
18:34:49,793 WARN  [o.a.p.p.f.PDType0Font] No Unicode mapping for CID+2879 (2879) in font MOOIJI+Cambria
18:34:49,793 WARN  [o.a.p.p.f.PDType0Font] No Unicode mapping for CID+3043 (3043) in font MOOIJI+Cambria
18:34:49,793 WARN  [o.a.p.p.f.PDType0Font] No Unicode mapping for CID+3052 (3052) in font MOOIJI+Cambria
18:34:49,793 WARN  [o.a.p.p.f.PDType0Font] No Unicode mapping for CID+3040 (3040) in font MOOIJI+Cambria
18:34:49,793 WARN  [o.a.p.p.f.PDType0Font] No Unicode mapping for CID+3045 (3045) in font MOOIJI+Cambria
18:34:49,793 WARN  [o.a.p.p.f.PDType0Font] No Unicode mapping for CID+4667 (4667) in font MOOIJI+Cambria
18:34:49,799 WARN  [o.a.p.p.f.PDType0Font] No Unicode mapping for CID+1830 (1830) in font MOOIJI+Cambria
18:34:49,799 WARN  [o.a.p.p.f.PDType0Font] No Unicode mapping for CID+1871 (1871) in font MOOIJI+Cambria
18:34:49,799 WARN  [o.a.p.p.f.PDType0Font] No Unicode mapping for CID+1872 (1872) in font MOOIJI+Cambria
18:34:49,799 WARN  [o.a.p.p.f.PDType0Font] No Unicode mapping for CID+1877 (1877) in font MOOIJI+Cambria
18:34:49,799 WARN  [o.a.p.p.f.PDType0Font] No Unicode mapping for CID+3010 (3010) in font MOOIJI+Cambria
18:34:49,799 WARN  [o.a.p.p.f.PDType0Font] No Unicode mapping for CID+3017 (3017) in font MOOIJI+Cambria
18:34:49,799 WARN  [o.a.p.p.f.PDType0Font] No Unicode mapping for CID+3002 (3002) in font MOOIJI+Cambria
18:34:49,799 WARN  [o.a.p.p.f.PDType0Font] No Unicode mapping for CID+1849 (1849) in font MOOIJI+Cambria
18:34:49,799 WARN  [o.a.p.p.f.PDType0Font] No Unicode mapping for CID+1854 (1854) in font MOOIJI+Cambria
18:34:49,799 WARN  [o.a.p.p.f.PDType0Font] No Unicode mapping for CID+1828 (1828) in font MOOIJI+Cambria
18:34:49,799 WARN  [o.a.p.p.f.PDType0Font] No Unicode mapping for CID+1873 (1873) in font MOOIJI+Cambria
18:34:49,799 WARN  [o.a.p.p.f.PDType0Font] No Unicode mapping for CID+1867 (1867) in font MOOIJI+Cambria
18:34:49,799 WARN  [o.a.p.p.f.PDType0Font] No Unicode mapping for CID+1853 (1853) in font MOOIJI+Cambria
18:34:49,800 WARN  [o.a.p.p.f.PDType0Font] No Unicode mapping for CID+3006 (3006) in font MOOIJI+Cambria
18:34:49,800 WARN  [o.a.p.p.f.PDType0Font] No Unicode mapping for CID+3029 (3029) in font MOOIJI+Cambria
18:34:51,758 INFO  [f.p.e.c.f.FsParserAbstract] FS crawler is stopping after 1 run
18:34:51,779 INFO  [f.p.e.c.f.FsCrawlerImpl] FS crawler [reports_index] stopped
18:34:51,781 INFO  [f.p.e.c.f.FsCrawlerImpl] FS crawler [reports_index] stopped
